
*** Running vivado
    with args -log Graphics.vds -m64 -product Vivado -mode batch -messageDb vivado.pb -notrace -source Graphics.tcl


****** Vivado v2018.3 (64-bit)
  **** SW Build 2405991 on Thu Dec  6 23:38:27 MST 2018
  **** IP Build 2404404 on Fri Dec  7 01:43:56 MST 2018
    ** Copyright 1986-2018 Xilinx, Inc. All Rights Reserved.

source Graphics.tcl -notrace
Command: synth_design -top Graphics -part xc7a100tcsg324-1
Starting synth_design
Attempting to get a license for feature 'Synthesis' and/or device 'xc7a100t'
INFO: [Common 17-349] Got license for feature 'Synthesis' and/or device 'xc7a100t'
INFO: Launching helper process for spawning children vivado processes
INFO: Helper process launched with PID 4856 
---------------------------------------------------------------------------------
Starting RTL Elaboration : Time (s): cpu = 00:00:02 ; elapsed = 00:00:02 . Memory (MB): peak = 363.258 ; gain = 100.281
---------------------------------------------------------------------------------
INFO: [Synth 8-6157] synthesizing module 'Graphics' [C:/Users/jelon/OneDrive/Documents/Workspaces/School/ImageWatermark/MIPS/MIPS.srcs/sources_1/new/Graphics.v:3]
INFO: [Synth 8-6157] synthesizing module 'GUI' [C:/Users/jelon/OneDrive/Documents/Workspaces/School/ImageWatermark/MIPS/MIPS.srcs/sources_1/new/GUI.v:3]
	Parameter Size bound to: 13'b1000000000000 
	Parameter SizeXY bound to: 7'b1000000 
	Parameter COLUMN0 bound to: 0 - type: integer 
	Parameter COLUMN1 bound to: 65 - type: integer 
	Parameter ROW0 bound to: 65 - type: integer 
	Parameter ROW1 bound to: 130 - type: integer 
WARNING: [Synth 8-2898] ignoring malformed $readmem task: invalid memory name [C:/Users/jelon/OneDrive/Documents/Workspaces/School/ImageWatermark/MIPS/MIPS.srcs/sources_1/new/GUI.v:51]
INFO: [Synth 8-6157] synthesizing module 'VGAInterface' [C:/Users/jelon/OneDrive/Documents/Workspaces/School/ImageWatermark/MIPS/MIPS.srcs/sources_1/new/VGAInterface.v:3]
	Parameter HorzTimeToPulseWidthEnd bound to: 10'b0001100000 
	Parameter HorzTimeToBackPorchEnd bound to: 10'b0010010000 
	Parameter HorzTimeToDisplayTimeEnd bound to: 10'b1100010000 
	Parameter HorzTimeToFrontPorchEnd bound to: 10'b1100100000 
	Parameter VertTimeToPulseWidthEnd bound to: 10'b0000000010 
	Parameter VertTimeToBackPorchEnd bound to: 10'b0000011111 
	Parameter VertTimeToDisplayTimeEnd bound to: 10'b0111111111 
	Parameter VertTimeToFrontPorchEnd bound to: 10'b1000001001 
INFO: [Synth 8-6157] synthesizing module 'Counter' [C:/Users/jelon/OneDrive/Documents/Workspaces/School/ImageWatermark/MIPS/MIPS.srcs/sources_1/new/counter.v:3]
	Parameter MaxValue bound to: 799 - type: integer 
	Parameter Size bound to: 10 - type: integer 
	Parameter InitialValue bound to: 799 - type: integer 
INFO: [Synth 8-6155] done synthesizing module 'Counter' (1#1) [C:/Users/jelon/OneDrive/Documents/Workspaces/School/ImageWatermark/MIPS/MIPS.srcs/sources_1/new/counter.v:3]
INFO: [Synth 8-6157] synthesizing module 'Counter__parameterized0' [C:/Users/jelon/OneDrive/Documents/Workspaces/School/ImageWatermark/MIPS/MIPS.srcs/sources_1/new/counter.v:3]
	Parameter MaxValue bound to: 520 - type: integer 
	Parameter Size bound to: 10 - type: integer 
	Parameter InitialValue bound to: 520 - type: integer 
INFO: [Synth 8-6155] done synthesizing module 'Counter__parameterized0' (1#1) [C:/Users/jelon/OneDrive/Documents/Workspaces/School/ImageWatermark/MIPS/MIPS.srcs/sources_1/new/counter.v:3]
INFO: [Synth 8-6157] synthesizing module 'PixCounter' [C:/Users/jelon/OneDrive/Documents/Workspaces/School/ImageWatermark/MIPS/MIPS.srcs/sources_1/new/PixCounter.v:3]
	Parameter AddressSize bound to: 10 - type: integer 
	Parameter TimeToBackPorchEnd bound to: 143 - type: integer 
	Parameter TimeToDisplayTimeEnd bound to: 783 - type: integer 
INFO: [Synth 8-6155] done synthesizing module 'PixCounter' (2#1) [C:/Users/jelon/OneDrive/Documents/Workspaces/School/ImageWatermark/MIPS/MIPS.srcs/sources_1/new/PixCounter.v:3]
INFO: [Synth 8-6157] synthesizing module 'PixCounter__parameterized0' [C:/Users/jelon/OneDrive/Documents/Workspaces/School/ImageWatermark/MIPS/MIPS.srcs/sources_1/new/PixCounter.v:3]
	Parameter AddressSize bound to: 9 - type: integer 
	Parameter TimeToBackPorchEnd bound to: 30 - type: integer 
	Parameter TimeToDisplayTimeEnd bound to: 510 - type: integer 
INFO: [Synth 8-6155] done synthesizing module 'PixCounter__parameterized0' (2#1) [C:/Users/jelon/OneDrive/Documents/Workspaces/School/ImageWatermark/MIPS/MIPS.srcs/sources_1/new/PixCounter.v:3]
INFO: [Synth 8-6155] done synthesizing module 'VGAInterface' (3#1) [C:/Users/jelon/OneDrive/Documents/Workspaces/School/ImageWatermark/MIPS/MIPS.srcs/sources_1/new/VGAInterface.v:3]
WARNING: [Synth 8-6014] Unused sequential element DOWNCOUNTER1_reg was removed.  [C:/Users/jelon/OneDrive/Documents/Workspaces/School/ImageWatermark/MIPS/MIPS.srcs/sources_1/new/GUI.v:22]

Warning: Trying to implement RAM in registers. Block RAM or DRAM implementation is not possible for one or more of the following reasons :
	1: Unable to determine number of words or word size in RAM. 
	2: No valid read/write found for RAM. 
RAM dissolved into registers
WARNING: [Synth 8-3848] Net COLOR_IMAGE1 in module/entity GUI does not have driver. [C:/Users/jelon/OneDrive/Documents/Workspaces/School/ImageWatermark/MIPS/MIPS.srcs/sources_1/new/GUI.v:28]
WARNING: [Synth 8-3848] Net COLOR_IMAGE1 in module/entity GUI does not have driver. [C:/Users/jelon/OneDrive/Documents/Workspaces/School/ImageWatermark/MIPS/MIPS.srcs/sources_1/new/GUI.v:28]
WARNING: [Synth 8-3848] Net COLOR_IMAGE1 in module/entity GUI does not have driver. [C:/Users/jelon/OneDrive/Documents/Workspaces/School/ImageWatermark/MIPS/MIPS.srcs/sources_1/new/GUI.v:28]
WARNING: [Synth 8-3848] Net COLOR_IMAGE1 in module/entity GUI does not have driver. [C:/Users/jelon/OneDrive/Documents/Workspaces/School/ImageWatermark/MIPS/MIPS.srcs/sources_1/new/GUI.v:28]
WARNING: [Synth 8-3848] Net COLOR_IMAGE1 in module/entity GUI does not have driver. [C:/Users/jelon/OneDrive/Documents/Workspaces/School/ImageWatermark/MIPS/MIPS.srcs/sources_1/new/GUI.v:28]
WARNING: [Synth 8-3848] Net COLOR_IMAGE1 in module/entity GUI does not have driver. [C:/Users/jelon/OneDrive/Documents/Workspaces/School/ImageWatermark/MIPS/MIPS.srcs/sources_1/new/GUI.v:28]
WARNING: [Synth 8-3848] Net COLOR_IMAGE1 in module/entity GUI does not have driver. [C:/Users/jelon/OneDrive/Documents/Workspaces/School/ImageWatermark/MIPS/MIPS.srcs/sources_1/new/GUI.v:28]
WARNING: [Synth 8-3848] Net COLOR_IMAGE1 in module/entity GUI does not have driver. [C:/Users/jelon/OneDrive/Documents/Workspaces/School/ImageWatermark/MIPS/MIPS.srcs/sources_1/new/GUI.v:28]
WARNING: [Synth 8-3848] Net COLOR_IMAGE1 in module/entity GUI does not have driver. [C:/Users/jelon/OneDrive/Documents/Workspaces/School/ImageWatermark/MIPS/MIPS.srcs/sources_1/new/GUI.v:28]
WARNING: [Synth 8-3848] Net COLOR_IMAGE1 in module/entity GUI does not have driver. [C:/Users/jelon/OneDrive/Documents/Workspaces/School/ImageWatermark/MIPS/MIPS.srcs/sources_1/new/GUI.v:28]
WARNING: [Synth 8-3848] Net COLOR_IMAGE1 in module/entity GUI does not have driver. [C:/Users/jelon/OneDrive/Documents/Workspaces/School/ImageWatermark/MIPS/MIPS.srcs/sources_1/new/GUI.v:28]
WARNING: [Synth 8-3848] Net COLOR_IMAGE1 in module/entity GUI does not have driver. [C:/Users/jelon/OneDrive/Documents/Workspaces/School/ImageWatermark/MIPS/MIPS.srcs/sources_1/new/GUI.v:28]
WARNING: [Synth 8-3848] Net COLOR_IMAGE1 in module/entity GUI does not have driver. [C:/Users/jelon/OneDrive/Documents/Workspaces/School/ImageWatermark/MIPS/MIPS.srcs/sources_1/new/GUI.v:28]
WARNING: [Synth 8-3848] Net COLOR_IMAGE1 in module/entity GUI does not have driver. [C:/Users/jelon/OneDrive/Documents/Workspaces/School/ImageWatermark/MIPS/MIPS.srcs/sources_1/new/GUI.v:28]
WARNING: [Synth 8-3848] Net COLOR_IMAGE1 in module/entity GUI does not have driver. [C:/Users/jelon/OneDrive/Documents/Workspaces/School/ImageWatermark/MIPS/MIPS.srcs/sources_1/new/GUI.v:28]
WARNING: [Synth 8-3848] Net COLOR_IMAGE1 in module/entity GUI does not have driver. [C:/Users/jelon/OneDrive/Documents/Workspaces/School/ImageWatermark/MIPS/MIPS.srcs/sources_1/new/GUI.v:28]
WARNING: [Synth 8-3848] Net COLOR_IMAGE1 in module/entity GUI does not have driver. [C:/Users/jelon/OneDrive/Documents/Workspaces/School/ImageWatermark/MIPS/MIPS.srcs/sources_1/new/GUI.v:28]
WARNING: [Synth 8-3848] Net COLOR_IMAGE1 in module/entity GUI does not have driver. [C:/Users/jelon/OneDrive/Documents/Workspaces/School/ImageWatermark/MIPS/MIPS.srcs/sources_1/new/GUI.v:28]
WARNING: [Synth 8-3848] Net COLOR_IMAGE1 in module/entity GUI does not have driver. [C:/Users/jelon/OneDrive/Documents/Workspaces/School/ImageWatermark/MIPS/MIPS.srcs/sources_1/new/GUI.v:28]
WARNING: [Synth 8-3848] Net COLOR_IMAGE1 in module/entity GUI does not have driver. [C:/Users/jelon/OneDrive/Documents/Workspaces/School/ImageWatermark/MIPS/MIPS.srcs/sources_1/new/GUI.v:28]
WARNING: [Synth 8-3848] Net COLOR_IMAGE1 in module/entity GUI does not have driver. [C:/Users/jelon/OneDrive/Documents/Workspaces/School/ImageWatermark/MIPS/MIPS.srcs/sources_1/new/GUI.v:28]
WARNING: [Synth 8-3848] Net COLOR_IMAGE1 in module/entity GUI does not have driver. [C:/Users/jelon/OneDrive/Documents/Workspaces/School/ImageWatermark/MIPS/MIPS.srcs/sources_1/new/GUI.v:28]
WARNING: [Synth 8-3848] Net COLOR_IMAGE1 in module/entity GUI does not have driver. [C:/Users/jelon/OneDrive/Documents/Workspaces/School/ImageWatermark/MIPS/MIPS.srcs/sources_1/new/GUI.v:28]
WARNING: [Synth 8-3848] Net COLOR_IMAGE1 in module/entity GUI does not have driver. [C:/Users/jelon/OneDrive/Documents/Workspaces/School/ImageWatermark/MIPS/MIPS.srcs/sources_1/new/GUI.v:28]
WARNING: [Synth 8-3848] Net COLOR_IMAGE1 in module/entity GUI does not have driver. [C:/Users/jelon/OneDrive/Documents/Workspaces/School/ImageWatermark/MIPS/MIPS.srcs/sources_1/new/GUI.v:28]
WARNING: [Synth 8-3848] Net COLOR_IMAGE1 in module/entity GUI does not have driver. [C:/Users/jelon/OneDrive/Documents/Workspaces/School/ImageWatermark/MIPS/MIPS.srcs/sources_1/new/GUI.v:28]
WARNING: [Synth 8-3848] Net COLOR_IMAGE1 in module/entity GUI does not have driver. [C:/Users/jelon/OneDrive/Documents/Workspaces/School/ImageWatermark/MIPS/MIPS.srcs/sources_1/new/GUI.v:28]
WARNING: [Synth 8-3848] Net COLOR_IMAGE1 in module/entity GUI does not have driver. [C:/Users/jelon/OneDrive/Documents/Workspaces/School/ImageWatermark/MIPS/MIPS.srcs/sources_1/new/GUI.v:28]
WARNING: [Synth 8-3848] Net COLOR_IMAGE1 in module/entity GUI does not have driver. [C:/Users/jelon/OneDrive/Documents/Workspaces/School/ImageWatermark/MIPS/MIPS.srcs/sources_1/new/GUI.v:28]
WARNING: [Synth 8-3848] Net COLOR_IMAGE1 in module/entity GUI does not have driver. [C:/Users/jelon/OneDrive/Documents/Workspaces/School/ImageWatermark/MIPS/MIPS.srcs/sources_1/new/GUI.v:28]
WARNING: [Synth 8-3848] Net COLOR_IMAGE1 in module/entity GUI does not have driver. [C:/Users/jelon/OneDrive/Documents/Workspaces/School/ImageWatermark/MIPS/MIPS.srcs/sources_1/new/GUI.v:28]
WARNING: [Synth 8-3848] Net COLOR_IMAGE1 in module/entity GUI does not have driver. [C:/Users/jelon/OneDrive/Documents/Workspaces/School/ImageWatermark/MIPS/MIPS.srcs/sources_1/new/GUI.v:28]
WARNING: [Synth 8-3848] Net COLOR_IMAGE1 in module/entity GUI does not have driver. [C:/Users/jelon/OneDrive/Documents/Workspaces/School/ImageWatermark/MIPS/MIPS.srcs/sources_1/new/GUI.v:28]
WARNING: [Synth 8-3848] Net COLOR_IMAGE1 in module/entity GUI does not have driver. [C:/Users/jelon/OneDrive/Documents/Workspaces/School/ImageWatermark/MIPS/MIPS.srcs/sources_1/new/GUI.v:28]
WARNING: [Synth 8-3848] Net COLOR_IMAGE1 in module/entity GUI does not have driver. [C:/Users/jelon/OneDrive/Documents/Workspaces/School/ImageWatermark/MIPS/MIPS.srcs/sources_1/new/GUI.v:28]
WARNING: [Synth 8-3848] Net COLOR_IMAGE1 in module/entity GUI does not have driver. [C:/Users/jelon/OneDrive/Documents/Workspaces/School/ImageWatermark/MIPS/MIPS.srcs/sources_1/new/GUI.v:28]
WARNING: [Synth 8-3848] Net COLOR_IMAGE1 in module/entity GUI does not have driver. [C:/Users/jelon/OneDrive/Documents/Workspaces/School/ImageWatermark/MIPS/MIPS.srcs/sources_1/new/GUI.v:28]
WARNING: [Synth 8-3848] Net COLOR_IMAGE1 in module/entity GUI does not have driver. [C:/Users/jelon/OneDrive/Documents/Workspaces/School/ImageWatermark/MIPS/MIPS.srcs/sources_1/new/GUI.v:28]
WARNING: [Synth 8-3848] Net COLOR_IMAGE1 in module/entity GUI does not have driver. [C:/Users/jelon/OneDrive/Documents/Workspaces/School/ImageWatermark/MIPS/MIPS.srcs/sources_1/new/GUI.v:28]
WARNING: [Synth 8-3848] Net COLOR_IMAGE1 in module/entity GUI does not have driver. [C:/Users/jelon/OneDrive/Documents/Workspaces/School/ImageWatermark/MIPS/MIPS.srcs/sources_1/new/GUI.v:28]
WARNING: [Synth 8-3848] Net COLOR_IMAGE1 in module/entity GUI does not have driver. [C:/Users/jelon/OneDrive/Documents/Workspaces/School/ImageWatermark/MIPS/MIPS.srcs/sources_1/new/GUI.v:28]
WARNING: [Synth 8-3848] Net COLOR_IMAGE1 in module/entity GUI does not have driver. [C:/Users/jelon/OneDrive/Documents/Workspaces/School/ImageWatermark/MIPS/MIPS.srcs/sources_1/new/GUI.v:28]
WARNING: [Synth 8-3848] Net COLOR_IMAGE1 in module/entity GUI does not have driver. [C:/Users/jelon/OneDrive/Documents/Workspaces/School/ImageWatermark/MIPS/MIPS.srcs/sources_1/new/GUI.v:28]
WARNING: [Synth 8-3848] Net COLOR_IMAGE1 in module/entity GUI does not have driver. [C:/Users/jelon/OneDrive/Documents/Workspaces/School/ImageWatermark/MIPS/MIPS.srcs/sources_1/new/GUI.v:28]
WARNING: [Synth 8-3848] Net COLOR_IMAGE1 in module/entity GUI does not have driver. [C:/Users/jelon/OneDrive/Documents/Workspaces/School/ImageWatermark/MIPS/MIPS.srcs/sources_1/new/GUI.v:28]
WARNING: [Synth 8-3848] Net COLOR_IMAGE1 in module/entity GUI does not have driver. [C:/Users/jelon/OneDrive/Documents/Workspaces/School/ImageWatermark/MIPS/MIPS.srcs/sources_1/new/GUI.v:28]
WARNING: [Synth 8-3848] Net COLOR_IMAGE1 in module/entity GUI does not have driver. [C:/Users/jelon/OneDrive/Documents/Workspaces/School/ImageWatermark/MIPS/MIPS.srcs/sources_1/new/GUI.v:28]
WARNING: [Synth 8-3848] Net COLOR_IMAGE1 in module/entity GUI does not have driver. [C:/Users/jelon/OneDrive/Documents/Workspaces/School/ImageWatermark/MIPS/MIPS.srcs/sources_1/new/GUI.v:28]
WARNING: [Synth 8-3848] Net COLOR_IMAGE1 in module/entity GUI does not have driver. [C:/Users/jelon/OneDrive/Documents/Workspaces/School/ImageWatermark/MIPS/MIPS.srcs/sources_1/new/GUI.v:28]
WARNING: [Synth 8-3848] Net COLOR_IMAGE1 in module/entity GUI does not have driver. [C:/Users/jelon/OneDrive/Documents/Workspaces/School/ImageWatermark/MIPS/MIPS.srcs/sources_1/new/GUI.v:28]
WARNING: [Synth 8-3848] Net COLOR_IMAGE1 in module/entity GUI does not have driver. [C:/Users/jelon/OneDrive/Documents/Workspaces/School/ImageWatermark/MIPS/MIPS.srcs/sources_1/new/GUI.v:28]
WARNING: [Synth 8-3848] Net COLOR_IMAGE1 in module/entity GUI does not have driver. [C:/Users/jelon/OneDrive/Documents/Workspaces/School/ImageWatermark/MIPS/MIPS.srcs/sources_1/new/GUI.v:28]
WARNING: [Synth 8-3848] Net COLOR_IMAGE1 in module/entity GUI does not have driver. [C:/Users/jelon/OneDrive/Documents/Workspaces/School/ImageWatermark/MIPS/MIPS.srcs/sources_1/new/GUI.v:28]
WARNING: [Synth 8-3848] Net COLOR_IMAGE1 in module/entity GUI does not have driver. [C:/Users/jelon/OneDrive/Documents/Workspaces/School/ImageWatermark/MIPS/MIPS.srcs/sources_1/new/GUI.v:28]
WARNING: [Synth 8-3848] Net COLOR_IMAGE1 in module/entity GUI does not have driver. [C:/Users/jelon/OneDrive/Documents/Workspaces/School/ImageWatermark/MIPS/MIPS.srcs/sources_1/new/GUI.v:28]
WARNING: [Synth 8-3848] Net COLOR_IMAGE1 in module/entity GUI does not have driver. [C:/Users/jelon/OneDrive/Documents/Workspaces/School/ImageWatermark/MIPS/MIPS.srcs/sources_1/new/GUI.v:28]
WARNING: [Synth 8-3848] Net COLOR_IMAGE1 in module/entity GUI does not have driver. [C:/Users/jelon/OneDrive/Documents/Workspaces/School/ImageWatermark/MIPS/MIPS.srcs/sources_1/new/GUI.v:28]
WARNING: [Synth 8-3848] Net COLOR_IMAGE1 in module/entity GUI does not have driver. [C:/Users/jelon/OneDrive/Documents/Workspaces/School/ImageWatermark/MIPS/MIPS.srcs/sources_1/new/GUI.v:28]
WARNING: [Synth 8-3848] Net COLOR_IMAGE1 in module/entity GUI does not have driver. [C:/Users/jelon/OneDrive/Documents/Workspaces/School/ImageWatermark/MIPS/MIPS.srcs/sources_1/new/GUI.v:28]
WARNING: [Synth 8-3848] Net COLOR_IMAGE1 in module/entity GUI does not have driver. [C:/Users/jelon/OneDrive/Documents/Workspaces/School/ImageWatermark/MIPS/MIPS.srcs/sources_1/new/GUI.v:28]
WARNING: [Synth 8-3848] Net COLOR_IMAGE1 in module/entity GUI does not have driver. [C:/Users/jelon/OneDrive/Documents/Workspaces/School/ImageWatermark/MIPS/MIPS.srcs/sources_1/new/GUI.v:28]
WARNING: [Synth 8-3848] Net COLOR_IMAGE1 in module/entity GUI does not have driver. [C:/Users/jelon/OneDrive/Documents/Workspaces/School/ImageWatermark/MIPS/MIPS.srcs/sources_1/new/GUI.v:28]
WARNING: [Synth 8-3848] Net COLOR_IMAGE1 in module/entity GUI does not have driver. [C:/Users/jelon/OneDrive/Documents/Workspaces/School/ImageWatermark/MIPS/MIPS.srcs/sources_1/new/GUI.v:28]
WARNING: [Synth 8-3848] Net COLOR_IMAGE1 in module/entity GUI does not have driver. [C:/Users/jelon/OneDrive/Documents/Workspaces/School/ImageWatermark/MIPS/MIPS.srcs/sources_1/new/GUI.v:28]
WARNING: [Synth 8-3848] Net COLOR_IMAGE1 in module/entity GUI does not have driver. [C:/Users/jelon/OneDrive/Documents/Workspaces/School/ImageWatermark/MIPS/MIPS.srcs/sources_1/new/GUI.v:28]
WARNING: [Synth 8-3848] Net COLOR_IMAGE1 in module/entity GUI does not have driver. [C:/Users/jelon/OneDrive/Documents/Workspaces/School/ImageWatermark/MIPS/MIPS.srcs/sources_1/new/GUI.v:28]
WARNING: [Synth 8-3848] Net COLOR_IMAGE1 in module/entity GUI does not have driver. [C:/Users/jelon/OneDrive/Documents/Workspaces/School/ImageWatermark/MIPS/MIPS.srcs/sources_1/new/GUI.v:28]
WARNING: [Synth 8-3848] Net COLOR_IMAGE1 in module/entity GUI does not have driver. [C:/Users/jelon/OneDrive/Documents/Workspaces/School/ImageWatermark/MIPS/MIPS.srcs/sources_1/new/GUI.v:28]
WARNING: [Synth 8-3848] Net COLOR_IMAGE1 in module/entity GUI does not have driver. [C:/Users/jelon/OneDrive/Documents/Workspaces/School/ImageWatermark/MIPS/MIPS.srcs/sources_1/new/GUI.v:28]
WARNING: [Synth 8-3848] Net COLOR_IMAGE1 in module/entity GUI does not have driver. [C:/Users/jelon/OneDrive/Documents/Workspaces/School/ImageWatermark/MIPS/MIPS.srcs/sources_1/new/GUI.v:28]
WARNING: [Synth 8-3848] Net COLOR_IMAGE1 in module/entity GUI does not have driver. [C:/Users/jelon/OneDrive/Documents/Workspaces/School/ImageWatermark/MIPS/MIPS.srcs/sources_1/new/GUI.v:28]
WARNING: [Synth 8-3848] Net COLOR_IMAGE1 in module/entity GUI does not have driver. [C:/Users/jelon/OneDrive/Documents/Workspaces/School/ImageWatermark/MIPS/MIPS.srcs/sources_1/new/GUI.v:28]
WARNING: [Synth 8-3848] Net COLOR_IMAGE1 in module/entity GUI does not have driver. [C:/Users/jelon/OneDrive/Documents/Workspaces/School/ImageWatermark/MIPS/MIPS.srcs/sources_1/new/GUI.v:28]
WARNING: [Synth 8-3848] Net COLOR_IMAGE1 in module/entity GUI does not have driver. [C:/Users/jelon/OneDrive/Documents/Workspaces/School/ImageWatermark/MIPS/MIPS.srcs/sources_1/new/GUI.v:28]
WARNING: [Synth 8-3848] Net COLOR_IMAGE1 in module/entity GUI does not have driver. [C:/Users/jelon/OneDrive/Documents/Workspaces/School/ImageWatermark/MIPS/MIPS.srcs/sources_1/new/GUI.v:28]
WARNING: [Synth 8-3848] Net COLOR_IMAGE1 in module/entity GUI does not have driver. [C:/Users/jelon/OneDrive/Documents/Workspaces/School/ImageWatermark/MIPS/MIPS.srcs/sources_1/new/GUI.v:28]
WARNING: [Synth 8-3848] Net COLOR_IMAGE1 in module/entity GUI does not have driver. [C:/Users/jelon/OneDrive/Documents/Workspaces/School/ImageWatermark/MIPS/MIPS.srcs/sources_1/new/GUI.v:28]
WARNING: [Synth 8-3848] Net COLOR_IMAGE1 in module/entity GUI does not have driver. [C:/Users/jelon/OneDrive/Documents/Workspaces/School/ImageWatermark/MIPS/MIPS.srcs/sources_1/new/GUI.v:28]
WARNING: [Synth 8-3848] Net COLOR_IMAGE1 in module/entity GUI does not have driver. [C:/Users/jelon/OneDrive/Documents/Workspaces/School/ImageWatermark/MIPS/MIPS.srcs/sources_1/new/GUI.v:28]
WARNING: [Synth 8-3848] Net COLOR_IMAGE1 in module/entity GUI does not have driver. [C:/Users/jelon/OneDrive/Documents/Workspaces/School/ImageWatermark/MIPS/MIPS.srcs/sources_1/new/GUI.v:28]
WARNING: [Synth 8-3848] Net COLOR_IMAGE1 in module/entity GUI does not have driver. [C:/Users/jelon/OneDrive/Documents/Workspaces/School/ImageWatermark/MIPS/MIPS.srcs/sources_1/new/GUI.v:28]
WARNING: [Synth 8-3848] Net COLOR_IMAGE1 in module/entity GUI does not have driver. [C:/Users/jelon/OneDrive/Documents/Workspaces/School/ImageWatermark/MIPS/MIPS.srcs/sources_1/new/GUI.v:28]
WARNING: [Synth 8-3848] Net COLOR_IMAGE1 in module/entity GUI does not have driver. [C:/Users/jelon/OneDrive/Documents/Workspaces/School/ImageWatermark/MIPS/MIPS.srcs/sources_1/new/GUI.v:28]
WARNING: [Synth 8-3848] Net COLOR_IMAGE1 in module/entity GUI does not have driver. [C:/Users/jelon/OneDrive/Documents/Workspaces/School/ImageWatermark/MIPS/MIPS.srcs/sources_1/new/GUI.v:28]
WARNING: [Synth 8-3848] Net COLOR_IMAGE1 in module/entity GUI does not have driver. [C:/Users/jelon/OneDrive/Documents/Workspaces/School/ImageWatermark/MIPS/MIPS.srcs/sources_1/new/GUI.v:28]
WARNING: [Synth 8-3848] Net COLOR_IMAGE1 in module/entity GUI does not have driver. [C:/Users/jelon/OneDrive/Documents/Workspaces/School/ImageWatermark/MIPS/MIPS.srcs/sources_1/new/GUI.v:28]
WARNING: [Synth 8-3848] Net COLOR_IMAGE1 in module/entity GUI does not have driver. [C:/Users/jelon/OneDrive/Documents/Workspaces/School/ImageWatermark/MIPS/MIPS.srcs/sources_1/new/GUI.v:28]
WARNING: [Synth 8-3848] Net COLOR_IMAGE1 in module/entity GUI does not have driver. [C:/Users/jelon/OneDrive/Documents/Workspaces/School/ImageWatermark/MIPS/MIPS.srcs/sources_1/new/GUI.v:28]
WARNING: [Synth 8-3848] Net COLOR_IMAGE1 in module/entity GUI does not have driver. [C:/Users/jelon/OneDrive/Documents/Workspaces/School/ImageWatermark/MIPS/MIPS.srcs/sources_1/new/GUI.v:28]
WARNING: [Synth 8-3848] Net COLOR_IMAGE1 in module/entity GUI does not have driver. [C:/Users/jelon/OneDrive/Documents/Workspaces/School/ImageWatermark/MIPS/MIPS.srcs/sources_1/new/GUI.v:28]
WARNING: [Synth 8-3848] Net COLOR_IMAGE1 in module/entity GUI does not have driver. [C:/Users/jelon/OneDrive/Documents/Workspaces/School/ImageWatermark/MIPS/MIPS.srcs/sources_1/new/GUI.v:28]
WARNING: [Synth 8-3848] Net COLOR_IMAGE1 in module/entity GUI does not have driver. [C:/Users/jelon/OneDrive/Documents/Workspaces/School/ImageWatermark/MIPS/MIPS.srcs/sources_1/new/GUI.v:28]
WARNING: [Synth 8-3848] Net COLOR_IMAGE1 in module/entity GUI does not have driver. [C:/Users/jelon/OneDrive/Documents/Workspaces/School/ImageWatermark/MIPS/MIPS.srcs/sources_1/new/GUI.v:28]
WARNING: [Synth 8-3848] Net COLOR_IMAGE1 in module/entity GUI does not have driver. [C:/Users/jelon/OneDrive/Documents/Workspaces/School/ImageWatermark/MIPS/MIPS.srcs/sources_1/new/GUI.v:28]
WARNING: [Synth 8-3848] Net COLOR_IMAGE1 in module/entity GUI does not have driver. [C:/Users/jelon/OneDrive/Documents/Workspaces/School/ImageWatermark/MIPS/MIPS.srcs/sources_1/new/GUI.v:28]
WARNING: [Synth 8-3848] Net COLOR_IMAGE1 in module/entity GUI does not have driver. [C:/Users/jelon/OneDrive/Documents/Workspaces/School/ImageWatermark/MIPS/MIPS.srcs/sources_1/new/GUI.v:28]
WARNING: [Synth 8-3848] Net COLOR_IMAGE1 in module/entity GUI does not have driver. [C:/Users/jelon/OneDrive/Documents/Workspaces/School/ImageWatermark/MIPS/MIPS.srcs/sources_1/new/GUI.v:28]
WARNING: [Synth 8-3848] Net COLOR_IMAGE1 in module/entity GUI does not have driver. [C:/Users/jelon/OneDrive/Documents/Workspaces/School/ImageWatermark/MIPS/MIPS.srcs/sources_1/new/GUI.v:28]
WARNING: [Synth 8-3848] Net COLOR_IMAGE1 in module/entity GUI does not have driver. [C:/Users/jelon/OneDrive/Documents/Workspaces/School/ImageWatermark/MIPS/MIPS.srcs/sources_1/new/GUI.v:28]
WARNING: [Synth 8-3848] Net COLOR_IMAGE1 in module/entity GUI does not have driver. [C:/Users/jelon/OneDrive/Documents/Workspaces/School/ImageWatermark/MIPS/MIPS.srcs/sources_1/new/GUI.v:28]
INFO: [Common 17-14] Message 'Synth 8-3848' appears 100 times and further instances of the messages will be disabled. Use the Tcl command set_msg_config to change the current settings.
INFO: [Synth 8-6155] done synthesizing module 'GUI' (4#1) [C:/Users/jelon/OneDrive/Documents/Workspaces/School/ImageWatermark/MIPS/MIPS.srcs/sources_1/new/GUI.v:3]
INFO: [Synth 8-6155] done synthesizing module 'Graphics' (5#1) [C:/Users/jelon/OneDrive/Documents/Workspaces/School/ImageWatermark/MIPS/MIPS.srcs/sources_1/new/Graphics.v:3]
---------------------------------------------------------------------------------
Finished RTL Elaboration : Time (s): cpu = 00:00:04 ; elapsed = 00:00:04 . Memory (MB): peak = 446.512 ; gain = 183.535
---------------------------------------------------------------------------------

Report Check Netlist: 
+------+------------------+-------+---------+-------+------------------+
|      |Item              |Errors |Warnings |Status |Description       |
+------+------------------+-------+---------+-------+------------------+
|1     |multi_driven_nets |      0|        0|Passed |Multi driven nets |
+------+------------------+-------+---------+-------+------------------+
WARNING: [Synth 8-3295] tying undriven pin VGA:DOWNCOUNTER to constant 0 [C:/Users/jelon/OneDrive/Documents/Workspaces/School/ImageWatermark/MIPS/MIPS.srcs/sources_1/new/GUI.v:36]
---------------------------------------------------------------------------------
Start Handling Custom Attributes
---------------------------------------------------------------------------------
---------------------------------------------------------------------------------
Finished Handling Custom Attributes : Time (s): cpu = 00:00:05 ; elapsed = 00:00:05 . Memory (MB): peak = 446.512 ; gain = 183.535
---------------------------------------------------------------------------------
---------------------------------------------------------------------------------
Finished RTL Optimization Phase 1 : Time (s): cpu = 00:00:05 ; elapsed = 00:00:05 . Memory (MB): peak = 446.512 ; gain = 183.535
---------------------------------------------------------------------------------
INFO: [Device 21-403] Loading part xc7a100tcsg324-1
INFO: [Project 1-570] Preparing netlist for logic optimization

Processing XDC Constraints
Initializing timing engine
Parsing XDC File [C:/Users/jelon/OneDrive/Documents/Workspaces/School/ImageWatermark/MIPS/Nexys4DDR_Master.xdc]
Finished Parsing XDC File [C:/Users/jelon/OneDrive/Documents/Workspaces/School/ImageWatermark/MIPS/Nexys4DDR_Master.xdc]
INFO: [Project 1-236] Implementation specific constraints were found while reading constraint file [C:/Users/jelon/OneDrive/Documents/Workspaces/School/ImageWatermark/MIPS/Nexys4DDR_Master.xdc]. These constraints will be ignored for synthesis but will be used in implementation. Impacted constraints are listed in the file [.Xil/Graphics_propImpl.xdc].
Resolution: To avoid this warning, move constraints listed in [.Xil/Graphics_propImpl.xdc] to another XDC file and exclude this new file from synthesis with the used_in_synthesis property (File Properties dialog in GUI) and re-run elaboration/synthesis.
Netlist sorting complete. Time (s): cpu = 00:00:00 ; elapsed = 00:00:00 . Memory (MB): peak = 773.848 ; gain = 0.000
Completed Processing XDC Constraints

Netlist sorting complete. Time (s): cpu = 00:00:00 ; elapsed = 00:00:00 . Memory (MB): peak = 773.848 ; gain = 0.000
INFO: [Project 1-111] Unisim Transformation Summary:
No Unisim elements were transformed.

Netlist sorting complete. Time (s): cpu = 00:00:00 ; elapsed = 00:00:00 . Memory (MB): peak = 773.848 ; gain = 0.000
Constraint Validation Runtime : Time (s): cpu = 00:00:00 ; elapsed = 00:00:00.005 . Memory (MB): peak = 773.848 ; gain = 0.000
---------------------------------------------------------------------------------
Finished Constraint Validation : Time (s): cpu = 00:00:13 ; elapsed = 00:00:14 . Memory (MB): peak = 774.602 ; gain = 511.625
---------------------------------------------------------------------------------
---------------------------------------------------------------------------------
Start Loading Part and Timing Information
---------------------------------------------------------------------------------
Loading part: xc7a100tcsg324-1
---------------------------------------------------------------------------------
Finished Loading Part and Timing Information : Time (s): cpu = 00:00:13 ; elapsed = 00:00:14 . Memory (MB): peak = 774.602 ; gain = 511.625
---------------------------------------------------------------------------------
---------------------------------------------------------------------------------
Start Applying 'set_property' XDC Constraints
---------------------------------------------------------------------------------
---------------------------------------------------------------------------------
Finished applying 'set_property' XDC Constraints : Time (s): cpu = 00:00:13 ; elapsed = 00:00:14 . Memory (MB): peak = 774.602 ; gain = 511.625
---------------------------------------------------------------------------------
---------------------------------------------------------------------------------
Finished RTL Optimization Phase 2 : Time (s): cpu = 00:00:18 ; elapsed = 00:00:20 . Memory (MB): peak = 774.602 ; gain = 511.625
---------------------------------------------------------------------------------

Report RTL Partitions: 
+-+--------------+------------+----------+
| |RTL Partition |Replication |Instances |
+-+--------------+------------+----------+
+-+--------------+------------+----------+
---------------------------------------------------------------------------------
Start RTL Component Statistics 
---------------------------------------------------------------------------------
Detailed RTL Component Info : 
+---Adders : 
	   2 Input     10 Bit       Adders := 3     
	   2 Input      9 Bit       Adders := 1     
+---Registers : 
	               12 Bit    Registers := 2     
	               10 Bit    Registers := 3     
	                9 Bit    Registers := 1     
	                1 Bit    Registers := 5     
+---Muxes : 
	   2 Input     12 Bit        Muxes := 1     
---------------------------------------------------------------------------------
Finished RTL Component Statistics 
---------------------------------------------------------------------------------
---------------------------------------------------------------------------------
Start RTL Hierarchical Component Statistics 
---------------------------------------------------------------------------------
Hierarchical RTL Component report 
Module Counter 
Detailed RTL Component Info : 
+---Adders : 
	   2 Input     10 Bit       Adders := 1     
+---Registers : 
	               10 Bit    Registers := 1     
	                1 Bit    Registers := 1     
Module Counter__parameterized0 
Detailed RTL Component Info : 
+---Adders : 
	   2 Input     10 Bit       Adders := 1     
+---Registers : 
	               10 Bit    Registers := 1     
	                1 Bit    Registers := 1     
Module PixCounter 
Detailed RTL Component Info : 
+---Adders : 
	   2 Input     10 Bit       Adders := 1     
+---Registers : 
	               10 Bit    Registers := 1     
Module PixCounter__parameterized0 
Detailed RTL Component Info : 
+---Adders : 
	   2 Input      9 Bit       Adders := 1     
+---Registers : 
	                9 Bit    Registers := 1     
Module VGAInterface 
Detailed RTL Component Info : 
+---Registers : 
	               12 Bit    Registers := 1     
	                1 Bit    Registers := 2     
+---Muxes : 
	   2 Input     12 Bit        Muxes := 1     
Module GUI 
Detailed RTL Component Info : 
+---Registers : 
	               12 Bit    Registers := 1     
	                1 Bit    Registers := 1     
---------------------------------------------------------------------------------
Finished RTL Hierarchical Component Statistics
---------------------------------------------------------------------------------
---------------------------------------------------------------------------------
Start Part Resource Summary
---------------------------------------------------------------------------------
Part Resources:
DSPs: 240 (col length:80)
BRAMs: 270 (col length: RAMB18 80 RAMB36 40)
---------------------------------------------------------------------------------
Finished Part Resource Summary
---------------------------------------------------------------------------------
---------------------------------------------------------------------------------
Start Cross Boundary and Area Optimization
---------------------------------------------------------------------------------
Warning: Parallel synthesis criteria is not met 
INFO: [Synth 8-3333] propagating constant 0 across sequential element (GraphicsGUI/VGA/\HorzPix/PIXCOUNT0_inferred /\HorzPix/PIXCOUNT_reg[0] )
INFO: [Synth 8-3333] propagating constant 0 across sequential element (GraphicsGUI/VGA/\HorzPix/PIXCOUNT0_inferred /\HorzPix/PIXCOUNT_reg[1] )
INFO: [Synth 8-3333] propagating constant 0 across sequential element (GraphicsGUI/VGA/\HorzPix/PIXCOUNT0_inferred /\HorzPix/PIXCOUNT_reg[2] )
INFO: [Synth 8-3333] propagating constant 0 across sequential element (GraphicsGUI/VGA/\HorzPix/PIXCOUNT0_inferred /\HorzPix/PIXCOUNT_reg[3] )
INFO: [Synth 8-3333] propagating constant 0 across sequential element (GraphicsGUI/VGA/\HorzPix/PIXCOUNT0_inferred /\HorzPix/PIXCOUNT_reg[4] )
INFO: [Synth 8-3333] propagating constant 0 across sequential element (GraphicsGUI/VGA/\HorzPix/PIXCOUNT0_inferred /\HorzPix/PIXCOUNT_reg[5] )
INFO: [Synth 8-3333] propagating constant 0 across sequential element (GraphicsGUI/VGA/\HorzPix/PIXCOUNT0_inferred /\HorzPix/PIXCOUNT_reg[7] )
INFO: [Synth 8-3333] propagating constant 0 across sequential element (GraphicsGUI/VGA/\HorzPix/PIXCOUNT0_inferred /\HorzPix/PIXCOUNT_reg[8] )
INFO: [Synth 8-3333] propagating constant 0 across sequential element (GraphicsGUI/VGA/\HorzPix/PIXCOUNT0_inferred /\HorzPix/PIXCOUNT_reg[9] )
INFO: [Synth 8-3333] propagating constant 0 across sequential element (GraphicsGUI/VGA/\HorzPix/PIXCOUNT0_inferred /\HorzPix/PIXCOUNT_reg[6] )
INFO: [Synth 8-3333] propagating constant 0 across sequential element (GraphicsGUI/VGA/\TimeCounterHorizontal/TRIGGER_OUT_reg )
INFO: [Synth 8-3886] merging instance 'GraphicsGUI/COLOR_IN_reg[0]' (FDS) to 'GraphicsGUI/COLOR_IN_reg[11]'
INFO: [Synth 8-3886] merging instance 'GraphicsGUI/COLOR_IN_reg[1]' (FDS) to 'GraphicsGUI/COLOR_IN_reg[11]'
INFO: [Synth 8-3886] merging instance 'GraphicsGUI/COLOR_IN_reg[2]' (FDS) to 'GraphicsGUI/COLOR_IN_reg[11]'
INFO: [Synth 8-3886] merging instance 'GraphicsGUI/COLOR_IN_reg[3]' (FDS) to 'GraphicsGUI/COLOR_IN_reg[11]'
INFO: [Synth 8-3886] merging instance 'GraphicsGUI/COLOR_IN_reg[4]' (FDS) to 'GraphicsGUI/COLOR_IN_reg[11]'
INFO: [Synth 8-3886] merging instance 'GraphicsGUI/COLOR_IN_reg[5]' (FDS) to 'GraphicsGUI/COLOR_IN_reg[11]'
INFO: [Synth 8-3886] merging instance 'GraphicsGUI/COLOR_IN_reg[6]' (FDS) to 'GraphicsGUI/COLOR_IN_reg[11]'
INFO: [Synth 8-3886] merging instance 'GraphicsGUI/COLOR_IN_reg[7]' (FDS) to 'GraphicsGUI/COLOR_IN_reg[11]'
INFO: [Synth 8-3886] merging instance 'GraphicsGUI/COLOR_IN_reg[8]' (FDS) to 'GraphicsGUI/COLOR_IN_reg[11]'
INFO: [Synth 8-3886] merging instance 'GraphicsGUI/COLOR_IN_reg[9]' (FDS) to 'GraphicsGUI/COLOR_IN_reg[11]'
INFO: [Synth 8-3886] merging instance 'GraphicsGUI/COLOR_IN_reg[10]' (FDS) to 'GraphicsGUI/COLOR_IN_reg[11]'
INFO: [Synth 8-3333] propagating constant 0 across sequential element (GraphicsGUI/VGA/\TimeCounterHorizontal/TIME_COUNT_reg[5] )
INFO: [Synth 8-3333] propagating constant 0 across sequential element (GraphicsGUI/VGA/\TimeCounterHorizontal/TIME_COUNT_reg[6] )
INFO: [Synth 8-3333] propagating constant 0 across sequential element (GraphicsGUI/VGA/\TimeCounterHorizontal/TIME_COUNT_reg[7] )
INFO: [Synth 8-3333] propagating constant 0 across sequential element (GraphicsGUI/VGA/\COLOR_OUT_reg[0] )
INFO: [Synth 8-3333] propagating constant 0 across sequential element (GraphicsGUI/VGA/\COLOR_OUT_reg[1] )
INFO: [Synth 8-3333] propagating constant 0 across sequential element (GraphicsGUI/VGA/\COLOR_OUT_reg[2] )
INFO: [Synth 8-3333] propagating constant 0 across sequential element (GraphicsGUI/VGA/\COLOR_OUT_reg[3] )
INFO: [Synth 8-3333] propagating constant 0 across sequential element (GraphicsGUI/VGA/\COLOR_OUT_reg[4] )
INFO: [Synth 8-3333] propagating constant 0 across sequential element (GraphicsGUI/VGA/\COLOR_OUT_reg[5] )
INFO: [Synth 8-3333] propagating constant 0 across sequential element (GraphicsGUI/VGA/\COLOR_OUT_reg[6] )
INFO: [Synth 8-3333] propagating constant 0 across sequential element (GraphicsGUI/VGA/\COLOR_OUT_reg[7] )
INFO: [Synth 8-3333] propagating constant 0 across sequential element (GraphicsGUI/VGA/\COLOR_OUT_reg[8] )
INFO: [Synth 8-3333] propagating constant 0 across sequential element (GraphicsGUI/VGA/\COLOR_OUT_reg[9] )
INFO: [Synth 8-3333] propagating constant 0 across sequential element (GraphicsGUI/VGA/\COLOR_OUT_reg[10] )
INFO: [Synth 8-3333] propagating constant 0 across sequential element (GraphicsGUI/VGA/\COLOR_OUT_reg[11] )
---------------------------------------------------------------------------------
Finished Cross Boundary and Area Optimization : Time (s): cpu = 00:00:31 ; elapsed = 00:00:33 . Memory (MB): peak = 774.602 ; gain = 511.625
---------------------------------------------------------------------------------

Report RTL Partitions: 
+-+--------------+------------+----------+
| |RTL Partition |Replication |Instances |
+-+--------------+------------+----------+
+-+--------------+------------+----------+
---------------------------------------------------------------------------------
Start Applying XDC Timing Constraints
---------------------------------------------------------------------------------
---------------------------------------------------------------------------------
Finished Applying XDC Timing Constraints : Time (s): cpu = 00:00:38 ; elapsed = 00:00:40 . Memory (MB): peak = 774.602 ; gain = 511.625
---------------------------------------------------------------------------------
---------------------------------------------------------------------------------
Start Timing Optimization
---------------------------------------------------------------------------------
---------------------------------------------------------------------------------
Finished Timing Optimization : Time (s): cpu = 00:00:38 ; elapsed = 00:00:40 . Memory (MB): peak = 774.602 ; gain = 511.625
---------------------------------------------------------------------------------

Report RTL Partitions: 
+-+--------------+------------+----------+
| |RTL Partition |Replication |Instances |
+-+--------------+------------+----------+
+-+--------------+------------+----------+
---------------------------------------------------------------------------------
Start Technology Mapping
---------------------------------------------------------------------------------
INFO: [Synth 8-3333] propagating constant 0 across sequential element (\GraphicsGUI/VGA/HS_reg )
---------------------------------------------------------------------------------
Finished Technology Mapping : Time (s): cpu = 00:00:38 ; elapsed = 00:00:40 . Memory (MB): peak = 783.043 ; gain = 520.066
---------------------------------------------------------------------------------

Report RTL Partitions: 
+-+--------------+------------+----------+
| |RTL Partition |Replication |Instances |
+-+--------------+------------+----------+
+-+--------------+------------+----------+
---------------------------------------------------------------------------------
Start IO Insertion
---------------------------------------------------------------------------------
---------------------------------------------------------------------------------
Start Flattening Before IO Insertion
---------------------------------------------------------------------------------
---------------------------------------------------------------------------------
Finished Flattening Before IO Insertion
---------------------------------------------------------------------------------
---------------------------------------------------------------------------------
Start Final Netlist Cleanup
---------------------------------------------------------------------------------
---------------------------------------------------------------------------------
Finished Final Netlist Cleanup
---------------------------------------------------------------------------------
---------------------------------------------------------------------------------
Finished IO Insertion : Time (s): cpu = 00:00:39 ; elapsed = 00:00:41 . Memory (MB): peak = 783.043 ; gain = 520.066
---------------------------------------------------------------------------------

Report Check Netlist: 
+------+------------------+-------+---------+-------+------------------+
|      |Item              |Errors |Warnings |Status |Description       |
+------+------------------+-------+---------+-------+------------------+
|1     |multi_driven_nets |      0|        0|Passed |Multi driven nets |
+------+------------------+-------+---------+-------+------------------+
---------------------------------------------------------------------------------
Start Renaming Generated Instances
---------------------------------------------------------------------------------
---------------------------------------------------------------------------------
Finished Renaming Generated Instances : Time (s): cpu = 00:00:39 ; elapsed = 00:00:41 . Memory (MB): peak = 783.043 ; gain = 520.066
---------------------------------------------------------------------------------

Report RTL Partitions: 
+-+--------------+------------+----------+
| |RTL Partition |Replication |Instances |
+-+--------------+------------+----------+
+-+--------------+------------+----------+
---------------------------------------------------------------------------------
Start Rebuilding User Hierarchy
---------------------------------------------------------------------------------
---------------------------------------------------------------------------------
Finished Rebuilding User Hierarchy : Time (s): cpu = 00:00:39 ; elapsed = 00:00:41 . Memory (MB): peak = 783.043 ; gain = 520.066
---------------------------------------------------------------------------------
---------------------------------------------------------------------------------
Start Renaming Generated Ports
---------------------------------------------------------------------------------
---------------------------------------------------------------------------------
Finished Renaming Generated Ports : Time (s): cpu = 00:00:39 ; elapsed = 00:00:41 . Memory (MB): peak = 783.043 ; gain = 520.066
---------------------------------------------------------------------------------
---------------------------------------------------------------------------------
Start Handling Custom Attributes
---------------------------------------------------------------------------------
---------------------------------------------------------------------------------
Finished Handling Custom Attributes : Time (s): cpu = 00:00:39 ; elapsed = 00:00:41 . Memory (MB): peak = 783.043 ; gain = 520.066
---------------------------------------------------------------------------------
---------------------------------------------------------------------------------
Start Renaming Generated Nets
---------------------------------------------------------------------------------
---------------------------------------------------------------------------------
Finished Renaming Generated Nets : Time (s): cpu = 00:00:39 ; elapsed = 00:00:41 . Memory (MB): peak = 783.043 ; gain = 520.066
---------------------------------------------------------------------------------
---------------------------------------------------------------------------------
Start Writing Synthesis Report
---------------------------------------------------------------------------------

Report BlackBoxes: 
+-+--------------+----------+
| |BlackBox name |Instances |
+-+--------------+----------+
+-+--------------+----------+

Report Cell Usage: 
+------+-----+------+
|      |Cell |Count |
+------+-----+------+
|1     |OBUF |    14|
+------+-----+------+

Report Instance Areas: 
+------+---------+-------+------+
|      |Instance |Module |Cells |
+------+---------+-------+------+
|1     |top      |       |    14|
+------+---------+-------+------+
---------------------------------------------------------------------------------
Finished Writing Synthesis Report : Time (s): cpu = 00:00:39 ; elapsed = 00:00:41 . Memory (MB): peak = 783.043 ; gain = 520.066
---------------------------------------------------------------------------------
Synthesis finished with 0 errors, 0 critical warnings and 0 warnings.
Synthesis Optimization Runtime : Time (s): cpu = 00:00:28 ; elapsed = 00:00:34 . Memory (MB): peak = 783.043 ; gain = 191.977
Synthesis Optimization Complete : Time (s): cpu = 00:00:39 ; elapsed = 00:00:41 . Memory (MB): peak = 783.043 ; gain = 520.066
INFO: [Project 1-571] Translating synthesized netlist
INFO: [Project 1-570] Preparing netlist for logic optimization
INFO: [Opt 31-138] Pushed 0 inverter(s) to 0 load pin(s).
Netlist sorting complete. Time (s): cpu = 00:00:00 ; elapsed = 00:00:00 . Memory (MB): peak = 787.230 ; gain = 0.000
INFO: [Project 1-111] Unisim Transformation Summary:
No Unisim elements were transformed.

INFO: [Common 17-83] Releasing license: Synthesis
63 Infos, 103 Warnings, 0 Critical Warnings and 0 Errors encountered.
synth_design completed successfully
synth_design: Time (s): cpu = 00:00:41 ; elapsed = 00:00:43 . Memory (MB): peak = 787.238 ; gain = 535.137
Netlist sorting complete. Time (s): cpu = 00:00:00 ; elapsed = 00:00:00 . Memory (MB): peak = 787.238 ; gain = 0.000
WARNING: [Constraints 18-5210] No constraints selected for write.
Resolution: This message can indicate that there are no constraints for the design, or it can indicate that the used_in flags are set such that the constraints are ignored. This later case is used when running synth_design to not write synthesis constraints to the resulting checkpoint. Instead, project constraints are read when the synthesized design is opened.
INFO: [Common 17-1381] The checkpoint 'C:/Users/jelon/OneDrive/Documents/Workspaces/School/ImageWatermark/MIPS/MIPS.runs/synth_1/Graphics.dcp' has been generated.
INFO: [runtcl-4] Executing : report_utilization -file Graphics_utilization_synth.rpt -pb Graphics_utilization_synth.pb
INFO: [Common 17-206] Exiting Vivado at Sat Mar 30 16:57:34 2019...
