Copyright 1986-2018 Xilinx, Inc. All Rights Reserved.
-------------------------------------------------------------------------------------
| Tool Version : Vivado v.2018.3 (win64) Build 2405991 Thu Dec  6 23:38:27 MST 2018
| Date         : Sun Apr 28 08:14:49 2019
| Host         : void running 64-bit major release  (build 9200)
| Command      : report_control_sets -verbose -file Graphics_control_sets_placed.rpt
| Design       : Graphics
| Device       : xc7a100t
-------------------------------------------------------------------------------------

Control Set Information

Table of Contents
-----------------
1. Summary
2. Histogram
3. Flip-Flop Distribution
4. Detailed Control Set Information

1. Summary
----------

+----------------------------------------------------------+-------+
|                          Status                          | Count |
+----------------------------------------------------------+-------+
| Number of unique control sets                            |   115 |
| Unused register locations in slices containing registers |    97 |
+----------------------------------------------------------+-------+


2. Histogram
------------

+--------+--------------+
| Fanout | Control Sets |
+--------+--------------+
|      1 |            3 |
|      2 |            1 |
|      5 |            1 |
|      6 |            1 |
|      9 |            1 |
|     11 |            1 |
|     12 |            2 |
|     13 |            1 |
|    16+ |          104 |
+--------+--------------+


3. Flip-Flop Distribution
-------------------------

+--------------+-----------------------+------------------------+-----------------+--------------+
| Clock Enable | Synchronous Set/Reset | Asynchronous Set/Reset | Total Registers | Total Slices |
+--------------+-----------------------+------------------------+-----------------+--------------+
| No           | No                    | No                     |             312 |          152 |
| No           | No                    | Yes                    |               0 |            0 |
| No           | Yes                   | No                     |              19 |           13 |
| Yes          | No                    | No                     |            1052 |          455 |
| Yes          | No                    | Yes                    |               0 |            0 |
| Yes          | Yes                   | No                     |              56 |           28 |
+--------------+-----------------------+------------------------+-----------------+--------------+


4. Detailed Control Set Information
-----------------------------------

+--------------------------------------+-------------------------------------------------------+-------------------------------------------------------------+------------------+----------------+
|             Clock Signal             |                     Enable Signal                     |                       Set/Reset Signal                      | Slice Load Count | Bel Load Count |
+--------------------------------------+-------------------------------------------------------+-------------------------------------------------------------+------------------+----------------+
|  MIPS/alu_/rw_reg/G0                 |                                                       |                                                             |                1 |              1 |
|  DOWNCOUNTER2                        |                                                       | GraphicsGUI/VGA/TimeCounterHorizontal/HS0                   |                1 |              1 |
|  DOWNCOUNTER2                        | GraphicsGUI/VGA/TimeCounterHorizontal/EndHorzTrigger  | GraphicsGUI/VGA/TimeCounterVertical/TIME_COUNT_reg[3]_0     |                1 |              1 |
|  DOWNCOUNTER2                        |                                                       |                                                             |                1 |              2 |
|  MIPS/inst_mem/E[0]                  |                                                       |                                                             |                2 |              5 |
|  clk_IBUF_BUFG                       |                                                       | GraphicsGUI/image_pix[6]_i_1_n_3                            |                5 |              6 |
|  DOWNCOUNTER2                        | GraphicsGUI/DOWNCOUNTER1                              | GraphicsGUI/VGA/TimeCounterHorizontal/DOWNCOUNTER1_reg_0[0] |                4 |              9 |
|  DOWNCOUNTER2                        | GraphicsGUI/DOWNCOUNTER1                              |                                                             |                5 |             11 |
|  DOWNCOUNTER2                        |                                                       | GraphicsGUI/VGA/HorzPix/SR[0]                               |                7 |             12 |
|  DOWNCOUNTER2                        | GraphicsGUI/DOWNCOUNTER1                              | GraphicsGUI/VGA/TimeCounterHorizontal/DOWNCOUNTER1_reg      |                2 |             12 |
|  MIPS/inst_mem/inst_reg[26]_2[0]     |                                                       |                                                             |                4 |             13 |
|  MIPS/register_file/regmem[15]_16[0] | GraphicsGUI/COLOR_IMAGE_OUT_reg_1472_1535_0_2_i_1_n_3 |                                                             |                4 |             16 |
|  MIPS/register_file/regmem[15]_16[0] | GraphicsGUI/COLOR_IMAGE_OUT_reg_1280_1343_0_2_i_1_n_3 |                                                             |                4 |             16 |
|  MIPS/register_file/regmem[15]_16[0] | GraphicsGUI/COLOR_IMAGE_OUT_reg_128_191_0_2_i_1_n_3   |                                                             |                4 |             16 |
|  MIPS/register_file/regmem[15]_16[0] | GraphicsGUI/COLOR_IMAGE_OUT_reg_1344_1407_0_2_i_1_n_3 |                                                             |                4 |             16 |
|  MIPS/register_file/regmem[15]_16[0] | GraphicsGUI/COLOR_IMAGE_OUT_reg_1408_1471_0_2_i_1_n_3 |                                                             |                4 |             16 |
|  MIPS/register_file/regmem[15]_16[0] | GraphicsGUI/COLOR_IMAGE_OUT_reg_1536_1599_0_2_i_1_n_3 |                                                             |                4 |             16 |
|  MIPS/register_file/regmem[15]_16[0] | GraphicsGUI/COLOR_IMAGE_OUT_reg_1792_1855_0_2_i_1_n_3 |                                                             |                4 |             16 |
|  MIPS/register_file/regmem[15]_16[0] | GraphicsGUI/COLOR_IMAGE_OUT_reg_1600_1663_0_2_i_1_n_3 |                                                             |                4 |             16 |
|  MIPS/register_file/regmem[15]_16[0] | GraphicsGUI/COLOR_IMAGE_OUT_reg_1664_1727_0_2_i_1_n_3 |                                                             |                4 |             16 |
|  MIPS/register_file/regmem[15]_16[0] | GraphicsGUI/COLOR_IMAGE_OUT_reg_1728_1791_0_2_i_1_n_3 |                                                             |                4 |             16 |
|  MIPS/register_file/regmem[15]_16[0] | GraphicsGUI/COLOR_IMAGE_OUT_reg_192_255_0_2_i_1_n_3   |                                                             |                4 |             16 |
|  MIPS/register_file/regmem[15]_16[0] | GraphicsGUI/COLOR_IMAGE_OUT_reg_1984_2047_0_2_i_1_n_3 |                                                             |                4 |             16 |
|  MIPS/register_file/regmem[15]_16[0] | GraphicsGUI/COLOR_IMAGE_OUT_reg_1920_1983_0_2_i_1_n_3 |                                                             |                4 |             16 |
|  MIPS/register_file/regmem[15]_16[0] | GraphicsGUI/COLOR_IMAGE_OUT_reg_2048_2111_0_2_i_1_n_3 |                                                             |                4 |             16 |
|  MIPS/register_file/regmem[15]_16[0] | GraphicsGUI/COLOR_IMAGE_OUT_reg_1856_1919_0_2_i_1_n_3 |                                                             |                4 |             16 |
|  MIPS/register_file/regmem[15]_16[0] | GraphicsGUI/COLOR_IMAGE_OUT_reg_2240_2303_0_2_i_1_n_3 |                                                             |                4 |             16 |
|  MIPS/register_file/regmem[15]_16[0] | GraphicsGUI/COLOR_IMAGE_OUT_reg_2368_2431_0_2_i_1_n_3 |                                                             |                4 |             16 |
|  MIPS/register_file/regmem[15]_16[0] | GraphicsGUI/COLOR_IMAGE_OUT_reg_2304_2367_0_2_i_1_n_3 |                                                             |                4 |             16 |
|  MIPS/register_file/regmem[15]_16[0] | GraphicsGUI/COLOR_IMAGE_OUT_reg_2176_2239_0_2_i_1_n_3 |                                                             |                4 |             16 |
|  MIPS/register_file/regmem[15]_16[0] | GraphicsGUI/COLOR_IMAGE_OUT_reg_2112_2175_0_2_i_1_n_3 |                                                             |                4 |             16 |
|  MIPS/register_file/regmem[15]_16[0] | GraphicsGUI/COLOR_IMAGE_OUT_reg_2560_2623_0_2_i_1_n_3 |                                                             |                4 |             16 |
|  MIPS/register_file/regmem[15]_16[0] | GraphicsGUI/COLOR_IMAGE_OUT_reg_2624_2687_0_2_i_1_n_3 |                                                             |                4 |             16 |
|  MIPS/register_file/regmem[15]_16[0] | GraphicsGUI/COLOR_IMAGE_OUT_reg_256_319_0_2_i_1_n_3   |                                                             |                4 |             16 |
|  MIPS/register_file/regmem[15]_16[0] | GraphicsGUI/COLOR_IMAGE_OUT_reg_2496_2559_0_2_i_1_n_3 |                                                             |                4 |             16 |
|  MIPS/register_file/regmem[15]_16[0] | GraphicsGUI/COLOR_IMAGE_OUT_reg_2432_2495_0_2_i_1_n_3 |                                                             |                4 |             16 |
|  MIPS/register_file/regmem[15]_16[0] | GraphicsGUI/COLOR_IMAGE_OUT_reg_2688_2751_0_2_i_1_n_3 |                                                             |                4 |             16 |
|  MIPS/register_file/regmem[15]_16[0] | GraphicsGUI/COLOR_IMAGE_OUT_reg_2752_2815_0_2_i_1_n_3 |                                                             |                4 |             16 |
|  MIPS/register_file/regmem[15]_16[0] | GraphicsGUI/COLOR_IMAGE_OUT_reg_2944_3007_0_2_i_1_n_3 |                                                             |                4 |             16 |
|  MIPS/register_file/regmem[15]_16[0] | GraphicsGUI/COLOR_IMAGE_OUT_reg_2816_2879_0_2_i_1_n_3 |                                                             |                4 |             16 |
|  MIPS/register_file/regmem[15]_16[0] | GraphicsGUI/COLOR_IMAGE_OUT_reg_2880_2943_0_2_i_1_n_3 |                                                             |                4 |             16 |
|  MIPS/register_file/regmem[15]_16[0] | GraphicsGUI/COLOR_IMAGE_OUT_reg_320_383_0_2_i_1_n_3   |                                                             |                4 |             16 |
|  MIPS/register_file/regmem[15]_16[0] | GraphicsGUI/COLOR_IMAGE_OUT_reg_3008_3071_0_2_i_1_n_3 |                                                             |                4 |             16 |
|  MIPS/register_file/regmem[15]_16[0] | GraphicsGUI/COLOR_IMAGE_OUT_reg_3072_3135_0_2_i_1_n_3 |                                                             |                4 |             16 |
|  MIPS/register_file/regmem[15]_16[0] | GraphicsGUI/COLOR_IMAGE_OUT_reg_3136_3199_0_2_i_1_n_3 |                                                             |                4 |             16 |
|  MIPS/register_file/regmem[15]_16[0] | GraphicsGUI/COLOR_IMAGE_OUT_reg_3392_3455_0_2_i_1_n_3 |                                                             |                4 |             16 |
|  MIPS/register_file/regmem[15]_16[0] | GraphicsGUI/COLOR_IMAGE_OUT_reg_3264_3327_0_2_i_1_n_3 |                                                             |                4 |             16 |
|  MIPS/register_file/regmem[15]_16[0] | GraphicsGUI/COLOR_IMAGE_OUT_reg_3520_3583_0_2_i_1_n_3 |                                                             |                4 |             16 |
|  MIPS/register_file/regmem[15]_16[0] | GraphicsGUI/COLOR_IMAGE_OUT_reg_3328_3391_0_2_i_1_n_3 |                                                             |                4 |             16 |
|  MIPS/register_file/regmem[15]_16[0] | GraphicsGUI/COLOR_IMAGE_OUT_reg_3456_3519_0_2_i_1_n_3 |                                                             |                4 |             16 |
|  MIPS/register_file/regmem[15]_16[0] | GraphicsGUI/COLOR_IMAGE_OUT_reg_3648_3711_0_2_i_1_n_3 |                                                             |                4 |             16 |
|  MIPS/register_file/regmem[15]_16[0] | GraphicsGUI/COLOR_IMAGE_OUT_reg_3584_3647_0_2_i_1_n_3 |                                                             |                4 |             16 |
|  MIPS/register_file/regmem[15]_16[0] | GraphicsGUI/COLOR_IMAGE_OUT_reg_3712_3775_0_2_i_1_n_3 |                                                             |                4 |             16 |
|  MIPS/register_file/regmem[15]_16[0] | GraphicsGUI/COLOR_IMAGE_OUT_reg_3776_3839_0_2_i_1_n_3 |                                                             |                4 |             16 |
|  MIPS/register_file/regmem[15]_16[0] | GraphicsGUI/COLOR_IMAGE_OUT_reg_3840_3903_0_2_i_1_n_3 |                                                             |                4 |             16 |
|  MIPS/register_file/regmem[15]_16[0] | GraphicsGUI/COLOR_IMAGE_OUT_reg_4032_4095_0_2_i_1_n_3 |                                                             |                4 |             16 |
|  MIPS/register_file/regmem[15]_16[0] | GraphicsGUI/COLOR_IMAGE_OUT_reg_3904_3967_0_2_i_1_n_3 |                                                             |                4 |             16 |
|  MIPS/register_file/regmem[15]_16[0] | GraphicsGUI/COLOR_IMAGE_OUT_reg_3200_3263_0_2_i_1_n_3 |                                                             |                4 |             16 |
|  MIPS/register_file/regmem[15]_16[0] | GraphicsGUI/COLOR_IMAGE_OUT_reg_3968_4031_0_2_i_1_n_3 |                                                             |                4 |             16 |
|  MIPS/register_file/regmem[15]_16[0] | GraphicsGUI/COLOR_IMAGE_OUT_reg_384_447_0_2_i_1_n_3   |                                                             |                4 |             16 |
|  MIPS/register_file/regmem[15]_16[0] | GraphicsGUI/COLOR_IMAGE_OUT_reg_640_703_0_2_i_1_n_3   |                                                             |                4 |             16 |
|  MIPS/register_file/regmem[15]_16[0] | GraphicsGUI/COLOR_IMAGE_OUT_reg_704_767_0_2_i_1_n_3   |                                                             |                4 |             16 |
|  MIPS/register_file/regmem[15]_16[0] | GraphicsGUI/COLOR_IMAGE_OUT_reg_512_575_0_2_i_1_n_3   |                                                             |                4 |             16 |
|  MIPS/register_file/regmem[15]_16[0] | GraphicsGUI/COLOR_IMAGE_OUT_reg_576_639_0_2_i_1_n_3   |                                                             |                4 |             16 |
|  MIPS/register_file/regmem[15]_16[0] | GraphicsGUI/COLOR_IMAGE_OUT_reg_64_127_0_2_i_1_n_3    |                                                             |                4 |             16 |
|  MIPS/register_file/regmem[15]_16[0] | GraphicsGUI/COLOR_IMAGE_OUT_reg_768_831_0_2_i_1_n_3   |                                                             |                4 |             16 |
|  MIPS/register_file/regmem[15]_16[0] | GraphicsGUI/COLOR_IMAGE_OUT_reg_832_895_0_2_i_1_n_3   |                                                             |                4 |             16 |
|  MIPS/register_file/regmem[15]_16[0] | GraphicsGUI/COLOR_IMAGE_OUT_reg_448_511_0_2_i_1_n_3   |                                                             |                4 |             16 |
|  MIPS/register_file/regmem[15]_16[0] | GraphicsGUI/COLOR_IMAGE_OUT_reg_960_1023_0_2_i_1_n_3  |                                                             |                4 |             16 |
|  MIPS/register_file/regmem[15]_16[0] | GraphicsGUI/COLOR_IMAGE_OUT_reg_896_959_0_2_i_1_n_3   |                                                             |                4 |             16 |
|  MIPS/register_file/regmem[15]_16[0] | GraphicsGUI/COLOR_IMAGE_OUT_reg_0_63_0_2_i_1_n_3      |                                                             |                4 |             16 |
|  MIPS/register_file/regmem[15]_16[0] | GraphicsGUI/COLOR_IMAGE_OUT_reg_1152_1215_0_2_i_1_n_3 |                                                             |                4 |             16 |
|  MIPS/register_file/regmem[15]_16[0] | GraphicsGUI/COLOR_IMAGE_OUT_reg_1088_1151_0_2_i_1_n_3 |                                                             |                4 |             16 |
|  MIPS/register_file/regmem[15]_16[0] | GraphicsGUI/COLOR_IMAGE_OUT_reg_1216_1279_0_2_i_1_n_3 |                                                             |                4 |             16 |
|  MIPS/register_file/regmem[15]_16[0] | GraphicsGUI/COLOR_IMAGE_OUT_reg_1024_1087_0_2_i_1_n_3 |                                                             |                4 |             16 |
|  clk_IBUF_BUFG                       | MIPS/alu_/inst_reg[28]_22                             |                                                             |                5 |             20 |
|  clk_IBUF_BUFG                       | MIPS/alu_/inst_reg[28]_24                             |                                                             |                5 |             20 |
|  clk_IBUF_BUFG                       | MIPS/alu_/inst_reg[28]_6                              |                                                             |               17 |             31 |
|  clk_IBUF_BUFG                       | MIPS/alu_/inst_reg[28]_2                              |                                                             |               14 |             32 |
|  clk_IBUF_BUFG                       | MIPS/alu_/inst_reg[28]_10                             |                                                             |               11 |             32 |
|  clk_IBUF_BUFG                       | MIPS/alu_/inst_reg[28]_15                             |                                                             |               13 |             32 |
|  clk_IBUF_BUFG                       | MIPS/alu_/inst_reg[28]_8                              |                                                             |               10 |             32 |
|  clk_IBUF_BUFG                       | MIPS/alu_/inst_reg[28]_12                             |                                                             |               11 |             32 |
|  clk_IBUF_BUFG                       | MIPS/alu_/inst_reg[28]_3                              |                                                             |               14 |             32 |
|  clk_IBUF_BUFG                       | MIPS/alu_/inst_reg[28]_16                             |                                                             |               24 |             32 |
|  clk_IBUF_BUFG                       | MIPS/alu_/inst_reg[28]_0                              |                                                             |               16 |             32 |
|  clk_IBUF_BUFG                       | MIPS/alu_/inst_reg[28]_17                             |                                                             |               23 |             32 |
|  clk_IBUF_BUFG                       | MIPS/alu_/inst_reg[28]_5                              |                                                             |               11 |             32 |
|  clk_IBUF_BUFG                       | MIPS/alu_/inst_reg[28]_27                             |                                                             |                8 |             32 |
|  clk_IBUF_BUFG                       | MIPS/alu_/inst_reg[28]_14                             |                                                             |               19 |             32 |
|  clk_IBUF_BUFG                       | MIPS/alu_/inst_reg[28]_20                             |                                                             |               17 |             32 |
|  clk_IBUF_BUFG                       | MIPS/alu_/inst_reg[28]_4                              |                                                             |               12 |             32 |
|  clk_IBUF_BUFG                       | MIPS/alu_/inst_reg[28]                                |                                                             |               20 |             32 |
|  clk_IBUF_BUFG                       | MIPS/alu_/inst_reg[28]_29                             |                                                             |               13 |             32 |
|  clk_IBUF_BUFG                       | MIPS/alu_/inst_reg[28]_11                             |                                                             |               10 |             32 |
|  clk_IBUF_BUFG                       | MIPS/alu_/inst_reg[28]_23                             |                                                             |               12 |             32 |
|  clk_IBUF_BUFG                       | MIPS/alu_/inst_reg[28]_1                              |                                                             |               14 |             32 |
|  clk_IBUF_BUFG                       | MIPS/alu_/inst_reg[28]_30                             |                                                             |               16 |             32 |
|  clk_IBUF_BUFG                       | MIPS/alu_/inst_reg[28]_19                             |                                                             |               14 |             32 |
|  clk_IBUF_BUFG                       | MIPS/alu_/inst_reg[28]_26                             |                                                             |               13 |             32 |
|  clk_IBUF_BUFG                       | MIPS/alu_/inst_reg[28]_21                             |                                                             |               14 |             32 |
|  clk_IBUF_BUFG                       | MIPS/alu_/inst_reg[28]_25                             |                                                             |               12 |             32 |
|  clk_IBUF_BUFG                       | MIPS/alu_/inst_reg[28]_28                             |                                                             |               10 |             32 |
|  clk_IBUF_BUFG                       | MIPS/alu_/inst_reg[28]_7                              |                                                             |               19 |             32 |
|  clk_IBUF_BUFG                       | MIPS/alu_/inst_reg[28]_13                             |                                                             |               11 |             32 |
|  clk_IBUF_BUFG                       | MIPS/alu_/inst_reg[28]_18                             |                                                             |               13 |             32 |
|  clk_IBUF_BUFG                       | MIPS/alu_/inst_reg[28]_9                              |                                                             |               15 |             32 |
|  DOWNCOUNTER2                        | GraphicsGUI/VGA/TimeCounterHorizontal/EndHorzTrigger  | GraphicsGUI/VGA/TimeCounterVertical/TRIGGER_OUT_reg         |               21 |             34 |
|  n_1_1201_BUFG                       |                                                       |                                                             |               14 |             37 |
| ~clk_IBUF_BUFG                       |                                                       |                                                             |               10 |             37 |
|  n_2_1028_BUFG                       |                                                       |                                                             |               26 |             37 |
|  DOWNCOUNTER2                        | GraphicsGUI/VGA/TimeCounterHorizontal/EndHorzTrigger  |                                                             |               14 |             42 |
|  clk_IBUF_BUFG                       |                                                       |                                                             |               26 |             61 |
|  n_0_1200_BUFG                       |                                                       |                                                             |               33 |             65 |
|  MIPS/register_file/regmem[15]_16[0] |                                                       |                                                             |               43 |             86 |
+--------------------------------------+-------------------------------------------------------+-------------------------------------------------------------+------------------+----------------+


