#-----------------------------------------------------------
# Vivado v2018.3 (64-bit)
# SW Build 2405991 on Thu Dec  6 23:38:27 MST 2018
# IP Build 2404404 on Fri Dec  7 01:43:56 MST 2018
# Start of session at: Sat Mar 30 15:57:27 2019
# Process ID: 11792
# Current directory: C:/Users/jelon/OneDrive/Documents/Workspaces/School/ImageWatermark/MIPS
# Command line: vivado.exe -gui_launcher_event rodinguilauncherevent13464 C:\Users\jelon\OneDrive\Documents\Workspaces\School\ImageWatermark\MIPS\MIPS.xpr
# Log file: C:/Users/jelon/OneDrive/Documents/Workspaces/School/ImageWatermark/MIPS/vivado.log
# Journal file: C:/Users/jelon/OneDrive/Documents/Workspaces/School/ImageWatermark/MIPS\vivado.jou
#-----------------------------------------------------------
start_gui
open_project C:/Users/jelon/OneDrive/Documents/Workspaces/School/ImageWatermark/MIPS/MIPS.xpr
INFO: [Project 1-313] Project file moved from 'C:/Users/jelon/Documents/Workspaces/School/ImageWatermark/MIPS' since last save.
Scanning sources...
Finished scanning sources
WARNING: [filemgmt 56-2] IPUserFilesDir: Could not find the directory 'C:/Users/jelon/OneDrive/Documents/Workspaces/School/ImageWatermark/MIPS/MIPS.ip_user_files', nor could it be found using path 'C:/Users/jelon/Documents/Workspaces/School/ImageWatermark/MIPS/MIPS.ip_user_files'.
INFO: [IP_Flow 19-234] Refreshing IP repositories
INFO: [IP_Flow 19-1704] No user IP repositories specified
INFO: [IP_Flow 19-2313] Loaded Vivado IP repository 'C:/Xilinx/Vivado/2018.3/data/ip'.
open_project: Time (s): cpu = 00:00:14 ; elapsed = 00:00:12 . Memory (MB): peak = 656.754 ; gain = 80.840
update_compile_order -fileset sources_1
launch_runs synth_1
[Sat Mar 30 15:59:15 2019] Launched synth_1...
Run output will be captured here: C:/Users/jelon/OneDrive/Documents/Workspaces/School/ImageWatermark/MIPS/MIPS.runs/synth_1/runme.log
add_files -norecurse C:/Users/jelon/OneDrive/Documents/Workspaces/School/ImageWatermark/MIPS/MIPS.srcs/sources_1/new/counter.v
update_compile_order -fileset sources_1
add_files -norecurse C:/Users/jelon/OneDrive/Documents/Workspaces/School/ImageWatermark/MIPS/MIPS.srcs/sources_1/new/PixCounter.v
update_compile_order -fileset sources_1
reset_run synth_1
launch_runs synth_1
[Sat Mar 30 16:03:24 2019] Launched synth_1...
Run output will be captured here: C:/Users/jelon/OneDrive/Documents/Workspaces/School/ImageWatermark/MIPS/MIPS.runs/synth_1/runme.log
open_run synth_1 -name synth_1
Design is defaulting to impl run constrset: constrs_1
Design is defaulting to synth run part: xc7a100tcsg324-1
INFO: [Project 1-479] Netlist was created with Vivado 2018.3
INFO: [Device 21-403] Loading part xc7a100tcsg324-1
INFO: [Project 1-570] Preparing netlist for logic optimization
Parsing XDC File [C:/Users/jelon/OneDrive/Documents/Workspaces/School/ImageWatermark/MIPS/Nexys4DDR_Master.xdc]
WARNING: [Vivado 12-584] No ports matched 'clk'. [C:/Users/jelon/OneDrive/Documents/Workspaces/School/ImageWatermark/MIPS/Nexys4DDR_Master.xdc:7]
CRITICAL WARNING: [Common 17-55] 'set_property' expects at least one object. [C:/Users/jelon/OneDrive/Documents/Workspaces/School/ImageWatermark/MIPS/Nexys4DDR_Master.xdc:7]
Resolution: If [get_<value>] was used to populate the object, check to make sure this command returns at least one valid object.
WARNING: [Vivado 12-584] No ports matched 'clk'. [C:/Users/jelon/OneDrive/Documents/Workspaces/School/ImageWatermark/MIPS/Nexys4DDR_Master.xdc:8]
CRITICAL WARNING: [Vivado 12-4739] create_clock:No valid object(s) found for '-objects [get_ports clk]'. [C:/Users/jelon/OneDrive/Documents/Workspaces/School/ImageWatermark/MIPS/Nexys4DDR_Master.xdc:8]
Resolution: Check if the specified object(s) exists in the current design. If it does, ensure that the correct design hierarchy was specified for the object. If you are working with clocks, make sure create_clock was used to create the clock object before it is referenced.
WARNING: [Vivado 12-584] No ports matched 'reset'. [C:/Users/jelon/OneDrive/Documents/Workspaces/School/ImageWatermark/MIPS/Nexys4DDR_Master.xdc:13]
CRITICAL WARNING: [Common 17-55] 'set_property' expects at least one object. [C:/Users/jelon/OneDrive/Documents/Workspaces/School/ImageWatermark/MIPS/Nexys4DDR_Master.xdc:13]
Resolution: If [get_<value>] was used to populate the object, check to make sure this command returns at least one valid object.
WARNING: [Vivado 12-584] No ports matched 'button[2]'. [C:/Users/jelon/OneDrive/Documents/Workspaces/School/ImageWatermark/MIPS/Nexys4DDR_Master.xdc:84]
CRITICAL WARNING: [Common 17-55] 'set_property' expects at least one object. [C:/Users/jelon/OneDrive/Documents/Workspaces/School/ImageWatermark/MIPS/Nexys4DDR_Master.xdc:84]
Resolution: If [get_<value>] was used to populate the object, check to make sure this command returns at least one valid object.
WARNING: [Vivado 12-584] No ports matched 'button[0]'. [C:/Users/jelon/OneDrive/Documents/Workspaces/School/ImageWatermark/MIPS/Nexys4DDR_Master.xdc:85]
CRITICAL WARNING: [Common 17-55] 'set_property' expects at least one object. [C:/Users/jelon/OneDrive/Documents/Workspaces/School/ImageWatermark/MIPS/Nexys4DDR_Master.xdc:85]
Resolution: If [get_<value>] was used to populate the object, check to make sure this command returns at least one valid object.
WARNING: [Vivado 12-584] No ports matched 'button[1]'. [C:/Users/jelon/OneDrive/Documents/Workspaces/School/ImageWatermark/MIPS/Nexys4DDR_Master.xdc:86]
CRITICAL WARNING: [Common 17-55] 'set_property' expects at least one object. [C:/Users/jelon/OneDrive/Documents/Workspaces/School/ImageWatermark/MIPS/Nexys4DDR_Master.xdc:86]
Resolution: If [get_<value>] was used to populate the object, check to make sure this command returns at least one valid object.
WARNING: [Vivado 12-584] No ports matched 'button[3]'. [C:/Users/jelon/OneDrive/Documents/Workspaces/School/ImageWatermark/MIPS/Nexys4DDR_Master.xdc:87]
CRITICAL WARNING: [Common 17-55] 'set_property' expects at least one object. [C:/Users/jelon/OneDrive/Documents/Workspaces/School/ImageWatermark/MIPS/Nexys4DDR_Master.xdc:87]
Resolution: If [get_<value>] was used to populate the object, check to make sure this command returns at least one valid object.
WARNING: [Vivado 12-584] No ports matched 'button[4]'. [C:/Users/jelon/OneDrive/Documents/Workspaces/School/ImageWatermark/MIPS/Nexys4DDR_Master.xdc:88]
CRITICAL WARNING: [Common 17-55] 'set_property' expects at least one object. [C:/Users/jelon/OneDrive/Documents/Workspaces/School/ImageWatermark/MIPS/Nexys4DDR_Master.xdc:88]
Resolution: If [get_<value>] was used to populate the object, check to make sure this command returns at least one valid object.
Finished Parsing XDC File [C:/Users/jelon/OneDrive/Documents/Workspaces/School/ImageWatermark/MIPS/Nexys4DDR_Master.xdc]
INFO: [Opt 31-138] Pushed 0 inverter(s) to 0 load pin(s).
Netlist sorting complete. Time (s): cpu = 00:00:00 ; elapsed = 00:00:00 . Memory (MB): peak = 987.605 ; gain = 0.000
INFO: [Project 1-111] Unisim Transformation Summary:
No Unisim elements were transformed.

open_run: Time (s): cpu = 00:00:15 ; elapsed = 00:00:10 . Memory (MB): peak = 1149.820 ; gain = 433.633
close [ open C:/Users/jelon/OneDrive/Documents/Workspaces/School/ImageWatermark/MIPS/MIPS.srcs/sources_1/new/Graphics.v w ]
add_files C:/Users/jelon/OneDrive/Documents/Workspaces/School/ImageWatermark/MIPS/MIPS.srcs/sources_1/new/Graphics.v
update_compile_order -fileset sources_1
close_design
reset_run synth_1
launch_runs synth_1
[Sat Mar 30 16:12:29 2019] Launched synth_1...
Run output will be captured here: C:/Users/jelon/OneDrive/Documents/Workspaces/School/ImageWatermark/MIPS/MIPS.runs/synth_1/runme.log
launch_runs impl_1
[Sat Mar 30 16:13:55 2019] Launched impl_1...
Run output will be captured here: C:/Users/jelon/OneDrive/Documents/Workspaces/School/ImageWatermark/MIPS/MIPS.runs/impl_1/runme.log
launch_runs impl_1 -to_step write_bitstream
[Sat Mar 30 16:15:40 2019] Launched impl_1...
Run output will be captured here: C:/Users/jelon/OneDrive/Documents/Workspaces/School/ImageWatermark/MIPS/MIPS.runs/impl_1/runme.log
open_hw
connect_hw_server
INFO: [Labtools 27-2285] Connecting to hw_server url TCP:localhost:3121
INFO: [Labtools 27-2222] Launching hw_server...
INFO: [Labtools 27-2221] Launch Output:

****** Xilinx hw_server v2018.3
  **** Build date : Dec  7 2018-00:40:27
    ** Copyright 1986-2018 Xilinx, Inc. All Rights Reserved.


open_hw_target
INFO: [Labtoolstcl 44-466] Opening hw_target localhost:3121/xilinx_tcf/Digilent/210292A4BF3AA
ERROR: [Labtools 27-2269] No devices detected on target localhost:3121/xilinx_tcf/Digilent/210292A4BF3AA.
Check cable connectivity and that the target board is powered up then
use the disconnect_hw_server and connect_hw_server to re-register this hardware target.
ERROR: [Common 17-39] 'open_hw_target' failed due to earlier errors.
set_property PROBES.FILE {} [get_hw_devices xc7a100t_0]
set_property FULL_PROBES.FILE {} [get_hw_devices xc7a100t_0]
set_property PROGRAM.FILE {C:/Users/jelon/OneDrive/Documents/Workspaces/School/ImageWatermark/MIPS/MIPS.runs/impl_1/GUI.bit} [get_hw_devices xc7a100t_0]
program_hw_devices [get_hw_devices xc7a100t_0]
INFO: [Labtools 27-3164] End of startup status: HIGH
refresh_hw_device [lindex [get_hw_devices xc7a100t_0] 0]
INFO: [Labtools 27-1434] Device xc7a100t (JTAG device index = 0) is programmed with a design that has no supported debug core(s) in it.
ERROR: [Labtoolstcl 44-513] HW Target shutdown. Closing target: localhost:3121/xilinx_tcf/Digilent/210292A4BF3AA
INFO: [Labtoolstcl 44-466] Opening hw_target localhost:3121/xilinx_tcf/Digilent/210292A4BF3AA
INFO: [Labtools 27-1435] Device xc7a100t (JTAG device index = 0) is not programmed (DONE status = 0).
WARNING: [Labtoolstcl 44-129] No matching hw_ila_data was found.
create_bd_design "design_1"
Wrote  : <C:\Users\jelon\OneDrive\Documents\Workspaces\School\ImageWatermark\MIPS\MIPS.srcs\sources_1\bd\design_1\design_1.bd> 
create_bd_design: Time (s): cpu = 00:00:03 ; elapsed = 00:00:05 . Memory (MB): peak = 2453.875 ; gain = 15.723
update_compile_order -fileset sources_1
open_bd_design {C:/Users/jelon/OneDrive/Documents/Workspaces/School/ImageWatermark/MIPS/MIPS.srcs/sources_1/bd/design_1/design_1.bd}
synth_design -rtl -name rtl_1
Command: synth_design -rtl -name rtl_1
Starting synth_design
Using part: xc7a100tcsg324-1
Top: GUI
WARNING: [Synth 8-2292] literal value truncated to fit in 12 bits [C:/Users/jelon/OneDrive/Documents/Workspaces/School/ImageWatermark/MIPS/MIPS.srcs/sources_1/new/GUI.v:12]
WARNING: [Synth 8-2292] literal value truncated to fit in 6 bits [C:/Users/jelon/OneDrive/Documents/Workspaces/School/ImageWatermark/MIPS/MIPS.srcs/sources_1/new/GUI.v:13]
---------------------------------------------------------------------------------
Starting RTL Elaboration : Time (s): cpu = 00:00:02 ; elapsed = 00:00:03 . Memory (MB): peak = 2525.582 ; gain = 42.855
---------------------------------------------------------------------------------
INFO: [Synth 8-6157] synthesizing module 'GUI' [C:/Users/jelon/OneDrive/Documents/Workspaces/School/ImageWatermark/MIPS/MIPS.srcs/sources_1/new/GUI.v:3]
	Parameter Size bound to: 12'b000000000000 
	Parameter SizeXY bound to: 6'b000000 
	Parameter COLUMN0 bound to: 0 - type: integer 
	Parameter COLUMN1 bound to: 65 - type: integer 
	Parameter ROW0 bound to: 65 - type: integer 
	Parameter ROW1 bound to: 130 - type: integer 
WARNING: [Synth 8-2898] ignoring malformed $readmem task: invalid memory name [C:/Users/jelon/OneDrive/Documents/Workspaces/School/ImageWatermark/MIPS/MIPS.srcs/sources_1/new/GUI.v:51]
INFO: [Synth 8-6157] synthesizing module 'VGAInterface' [C:/Users/jelon/OneDrive/Documents/Workspaces/School/ImageWatermark/MIPS/MIPS.srcs/sources_1/new/VGAInterface.v:3]
	Parameter HorzTimeToPulseWidthEnd bound to: 10'b0001100000 
	Parameter HorzTimeToBackPorchEnd bound to: 10'b0010010000 
	Parameter HorzTimeToDisplayTimeEnd bound to: 10'b1100010000 
	Parameter HorzTimeToFrontPorchEnd bound to: 10'b1100100000 
	Parameter VertTimeToPulseWidthEnd bound to: 10'b0000000010 
	Parameter VertTimeToBackPorchEnd bound to: 10'b0000011111 
	Parameter VertTimeToDisplayTimeEnd bound to: 10'b0111111111 
	Parameter VertTimeToFrontPorchEnd bound to: 10'b1000001001 
INFO: [Synth 8-6157] synthesizing module 'Counter' [C:/Users/jelon/OneDrive/Documents/Workspaces/School/ImageWatermark/MIPS/MIPS.srcs/sources_1/new/counter.v:3]
	Parameter MaxValue bound to: 799 - type: integer 
	Parameter Size bound to: 10 - type: integer 
	Parameter InitialValue bound to: 799 - type: integer 
INFO: [Synth 8-6155] done synthesizing module 'Counter' (1#1) [C:/Users/jelon/OneDrive/Documents/Workspaces/School/ImageWatermark/MIPS/MIPS.srcs/sources_1/new/counter.v:3]
INFO: [Synth 8-6157] synthesizing module 'Counter__parameterized0' [C:/Users/jelon/OneDrive/Documents/Workspaces/School/ImageWatermark/MIPS/MIPS.srcs/sources_1/new/counter.v:3]
	Parameter MaxValue bound to: 520 - type: integer 
	Parameter Size bound to: 10 - type: integer 
	Parameter InitialValue bound to: 520 - type: integer 
INFO: [Synth 8-6155] done synthesizing module 'Counter__parameterized0' (1#1) [C:/Users/jelon/OneDrive/Documents/Workspaces/School/ImageWatermark/MIPS/MIPS.srcs/sources_1/new/counter.v:3]
INFO: [Synth 8-6157] synthesizing module 'PixCounter' [C:/Users/jelon/OneDrive/Documents/Workspaces/School/ImageWatermark/MIPS/MIPS.srcs/sources_1/new/PixCounter.v:3]
	Parameter AddressSize bound to: 10 - type: integer 
	Parameter TimeToBackPorchEnd bound to: 143 - type: integer 
	Parameter TimeToDisplayTimeEnd bound to: 783 - type: integer 
INFO: [Synth 8-6155] done synthesizing module 'PixCounter' (2#1) [C:/Users/jelon/OneDrive/Documents/Workspaces/School/ImageWatermark/MIPS/MIPS.srcs/sources_1/new/PixCounter.v:3]
INFO: [Synth 8-6157] synthesizing module 'PixCounter__parameterized0' [C:/Users/jelon/OneDrive/Documents/Workspaces/School/ImageWatermark/MIPS/MIPS.srcs/sources_1/new/PixCounter.v:3]
	Parameter AddressSize bound to: 9 - type: integer 
	Parameter TimeToBackPorchEnd bound to: 30 - type: integer 
	Parameter TimeToDisplayTimeEnd bound to: 510 - type: integer 
INFO: [Synth 8-6155] done synthesizing module 'PixCounter__parameterized0' (2#1) [C:/Users/jelon/OneDrive/Documents/Workspaces/School/ImageWatermark/MIPS/MIPS.srcs/sources_1/new/PixCounter.v:3]
INFO: [Synth 8-6155] done synthesizing module 'VGAInterface' (3#1) [C:/Users/jelon/OneDrive/Documents/Workspaces/School/ImageWatermark/MIPS/MIPS.srcs/sources_1/new/VGAInterface.v:3]
WARNING: [Synth 8-6014] Unused sequential element DOWNCOUNTER1_reg was removed.  [C:/Users/jelon/OneDrive/Documents/Workspaces/School/ImageWatermark/MIPS/MIPS.srcs/sources_1/new/GUI.v:22]
WARNING: [Synth 8-3848] Net DOWNCOUNTER in module/entity GUI does not have driver. [C:/Users/jelon/OneDrive/Documents/Workspaces/School/ImageWatermark/MIPS/MIPS.srcs/sources_1/new/GUI.v:45]
INFO: [Synth 8-6155] done synthesizing module 'GUI' (4#1) [C:/Users/jelon/OneDrive/Documents/Workspaces/School/ImageWatermark/MIPS/MIPS.srcs/sources_1/new/GUI.v:3]
---------------------------------------------------------------------------------
Finished RTL Elaboration : Time (s): cpu = 00:00:03 ; elapsed = 00:00:04 . Memory (MB): peak = 2562.715 ; gain = 79.988
---------------------------------------------------------------------------------

Report Check Netlist: 
+------+------------------+-------+---------+-------+------------------+
|      |Item              |Errors |Warnings |Status |Description       |
+------+------------------+-------+---------+-------+------------------+
|1     |multi_driven_nets |      0|        0|Passed |Multi driven nets |
+------+------------------+-------+---------+-------+------------------+
WARNING: [Synth 8-3295] tying undriven pin VGA:DOWNCOUNTER to constant 0 [C:/Users/jelon/OneDrive/Documents/Workspaces/School/ImageWatermark/MIPS/MIPS.srcs/sources_1/new/GUI.v:36]
---------------------------------------------------------------------------------
Start Handling Custom Attributes
---------------------------------------------------------------------------------
---------------------------------------------------------------------------------
Finished Handling Custom Attributes : Time (s): cpu = 00:00:03 ; elapsed = 00:00:04 . Memory (MB): peak = 2562.715 ; gain = 79.988
---------------------------------------------------------------------------------
---------------------------------------------------------------------------------
Finished RTL Optimization Phase 1 : Time (s): cpu = 00:00:03 ; elapsed = 00:00:04 . Memory (MB): peak = 2562.715 ; gain = 79.988
---------------------------------------------------------------------------------
INFO: [Project 1-570] Preparing netlist for logic optimization

Processing XDC Constraints
Initializing timing engine
Parsing XDC File [C:/Users/jelon/OneDrive/Documents/Workspaces/School/ImageWatermark/MIPS/Nexys4DDR_Master.xdc]
WARNING: [Vivado 12-584] No ports matched 'clk'. [C:/Users/jelon/OneDrive/Documents/Workspaces/School/ImageWatermark/MIPS/Nexys4DDR_Master.xdc:7]
CRITICAL WARNING: [Common 17-55] 'set_property' expects at least one object. [C:/Users/jelon/OneDrive/Documents/Workspaces/School/ImageWatermark/MIPS/Nexys4DDR_Master.xdc:7]
Resolution: If [get_<value>] was used to populate the object, check to make sure this command returns at least one valid object.
WARNING: [Vivado 12-584] No ports matched 'clk'. [C:/Users/jelon/OneDrive/Documents/Workspaces/School/ImageWatermark/MIPS/Nexys4DDR_Master.xdc:8]
CRITICAL WARNING: [Vivado 12-4739] create_clock:No valid object(s) found for '-objects [get_ports clk]'. [C:/Users/jelon/OneDrive/Documents/Workspaces/School/ImageWatermark/MIPS/Nexys4DDR_Master.xdc:8]
Resolution: Check if the specified object(s) exists in the current design. If it does, ensure that the correct design hierarchy was specified for the object. If you are working with clocks, make sure create_clock was used to create the clock object before it is referenced.
Finished Parsing XDC File [C:/Users/jelon/OneDrive/Documents/Workspaces/School/ImageWatermark/MIPS/Nexys4DDR_Master.xdc]
Completed Processing XDC Constraints

INFO: [Opt 31-138] Pushed 0 inverter(s) to 0 load pin(s).
Netlist sorting complete. Time (s): cpu = 00:00:00 ; elapsed = 00:00:00 . Memory (MB): peak = 2703.672 ; gain = 0.000
INFO: [Project 1-111] Unisim Transformation Summary:
No Unisim elements were transformed.

RTL Elaboration Complete:  : Time (s): cpu = 00:00:08 ; elapsed = 00:00:07 . Memory (MB): peak = 2703.672 ; gain = 220.945
15 Infos, 8 Warnings, 2 Critical Warnings and 0 Errors encountered.
synth_design completed successfully
synth_design: Time (s): cpu = 00:00:08 ; elapsed = 00:00:07 . Memory (MB): peak = 2703.672 ; gain = 220.945
open_bd_design {C:/Users/jelon/OneDrive/Documents/Workspaces/School/ImageWatermark/MIPS/MIPS.srcs/sources_1/bd/design_1/design_1.bd}
export_ip_user_files -of_objects  [get_files C:/Users/jelon/OneDrive/Documents/Workspaces/School/ImageWatermark/MIPS/MIPS.srcs/sources_1/bd/design_1/design_1.bd] -no_script -reset -force -quiet
remove_files  C:/Users/jelon/OneDrive/Documents/Workspaces/School/ImageWatermark/MIPS/MIPS.srcs/sources_1/bd/design_1/design_1.bd
file delete -force C:/Users/jelon/OneDrive/Documents/Workspaces/School/ImageWatermark/MIPS/MIPS.srcs/sources_1/bd/design_1
set_property source_mgmt_mode All [current_project]
close [ open C:/Users/jelon/OneDrive/Documents/Workspaces/School/ImageWatermark/MIPS/MIPS.srcs/sources_1/new/Screen.v w ]
add_files C:/Users/jelon/OneDrive/Documents/Workspaces/School/ImageWatermark/MIPS/MIPS.srcs/sources_1/new/Screen.v
update_compile_order -fileset sources_1
export_ip_user_files -of_objects  [get_files C:/Users/jelon/OneDrive/Documents/Workspaces/School/ImageWatermark/MIPS/MIPS.srcs/sources_1/new/Screen.v] -no_script -reset -force -quiet
remove_files  C:/Users/jelon/OneDrive/Documents/Workspaces/School/ImageWatermark/MIPS/MIPS.srcs/sources_1/new/Screen.v
file delete -force C:/Users/jelon/OneDrive/Documents/Workspaces/School/ImageWatermark/MIPS/MIPS.srcs/sources_1/new/Screen.v
update_compile_order -fileset sources_1
update_compile_order -fileset sources_1
update_compile_order -fileset sources_1
reset_run synth_1
launch_runs synth_1
[Sat Mar 30 16:32:59 2019] Launched synth_1...
Run output will be captured here: C:/Users/jelon/OneDrive/Documents/Workspaces/School/ImageWatermark/MIPS/MIPS.runs/synth_1/runme.log
launch_runs impl_1
[Sat Mar 30 16:33:42 2019] Launched impl_1...
Run output will be captured here: C:/Users/jelon/OneDrive/Documents/Workspaces/School/ImageWatermark/MIPS/MIPS.runs/impl_1/runme.log
launch_runs impl_1 -to_step write_bitstream
[Sat Mar 30 16:35:00 2019] Launched impl_1...
Run output will be captured here: C:/Users/jelon/OneDrive/Documents/Workspaces/School/ImageWatermark/MIPS/MIPS.runs/impl_1/runme.log
set_property PROBES.FILE {} [get_hw_devices xc7a100t_0]
set_property FULL_PROBES.FILE {} [get_hw_devices xc7a100t_0]
set_property PROGRAM.FILE {C:/Users/jelon/OneDrive/Documents/Workspaces/School/ImageWatermark/MIPS/MIPS.runs/impl_1/Graphics.bit} [get_hw_devices xc7a100t_0]
program_hw_devices [get_hw_devices xc7a100t_0]
INFO: [Labtools 27-3164] End of startup status: HIGH
refresh_hw_device [lindex [get_hw_devices xc7a100t_0] 0]
INFO: [Labtools 27-1434] Device xc7a100t (JTAG device index = 0) is programmed with a design that has no supported debug core(s) in it.
reset_run synth_1
launch_runs synth_1
[Sat Mar 30 16:45:42 2019] Launched synth_1...
Run output will be captured here: C:/Users/jelon/OneDrive/Documents/Workspaces/School/ImageWatermark/MIPS/MIPS.runs/synth_1/runme.log
launch_runs impl_1
[Sat Mar 30 16:46:44 2019] Launched impl_1...
Run output will be captured here: C:/Users/jelon/OneDrive/Documents/Workspaces/School/ImageWatermark/MIPS/MIPS.runs/impl_1/runme.log
launch_runs impl_1 -to_step write_bitstream
[Sat Mar 30 16:47:59 2019] Launched impl_1...
Run output will be captured here: C:/Users/jelon/OneDrive/Documents/Workspaces/School/ImageWatermark/MIPS/MIPS.runs/impl_1/runme.log
set_property PROBES.FILE {} [get_hw_devices xc7a100t_0]
set_property FULL_PROBES.FILE {} [get_hw_devices xc7a100t_0]
set_property PROGRAM.FILE {C:/Users/jelon/OneDrive/Documents/Workspaces/School/ImageWatermark/MIPS/MIPS.runs/impl_1/Graphics.bit} [get_hw_devices xc7a100t_0]
program_hw_devices [get_hw_devices xc7a100t_0]
INFO: [Labtools 27-3164] End of startup status: HIGH
refresh_hw_device [lindex [get_hw_devices xc7a100t_0] 0]
INFO: [Labtools 27-1434] Device xc7a100t (JTAG device index = 0) is programmed with a design that has no supported debug core(s) in it.
set_property PROBES.FILE {} [get_hw_devices xc7a100t_0]
set_property FULL_PROBES.FILE {} [get_hw_devices xc7a100t_0]
set_property PROGRAM.FILE {C:/Users/jelon/OneDrive/Documents/Workspaces/School/ImageWatermark/MIPS/MIPS.runs/impl_1/Graphics.bit} [get_hw_devices xc7a100t_0]
program_hw_devices [get_hw_devices xc7a100t_0]
INFO: [Labtools 27-3164] End of startup status: HIGH
refresh_hw_device [lindex [get_hw_devices xc7a100t_0] 0]
INFO: [Labtools 27-1434] Device xc7a100t (JTAG device index = 0) is programmed with a design that has no supported debug core(s) in it.
ERROR: [Labtoolstcl 44-513] HW Target shutdown. Closing target: localhost:3121/xilinx_tcf/Digilent/210292A4BF3AA
INFO: [Labtoolstcl 44-466] Opening hw_target localhost:3121/xilinx_tcf/Digilent/210292A4BF3AA
INFO: [Labtools 27-1435] Device xc7a100t (JTAG device index = 0) is not programmed (DONE status = 0).
WARNING: [Labtoolstcl 44-129] No matching hw_ila_data was found.
set_property PROBES.FILE {} [get_hw_devices xc7a100t_0]
set_property FULL_PROBES.FILE {} [get_hw_devices xc7a100t_0]
set_property PROGRAM.FILE {C:/Users/jelon/OneDrive/Documents/Workspaces/School/ImageWatermark/MIPS/MIPS.runs/impl_1/Graphics.bit} [get_hw_devices xc7a100t_0]
program_hw_devices [get_hw_devices xc7a100t_0]
INFO: [Labtools 27-3164] End of startup status: HIGH
refresh_hw_device [lindex [get_hw_devices xc7a100t_0] 0]
INFO: [Labtools 27-1434] Device xc7a100t (JTAG device index = 0) is programmed with a design that has no supported debug core(s) in it.
reset_run synth_1
launch_runs synth_1
[Sat Mar 30 16:56:46 2019] Launched synth_1...
Run output will be captured here: C:/Users/jelon/OneDrive/Documents/Workspaces/School/ImageWatermark/MIPS/MIPS.runs/synth_1/runme.log
launch_runs impl_1
[Sat Mar 30 16:57:41 2019] Launched impl_1...
Run output will be captured here: C:/Users/jelon/OneDrive/Documents/Workspaces/School/ImageWatermark/MIPS/MIPS.runs/impl_1/runme.log
launch_runs impl_1 -to_step write_bitstream
[Sat Mar 30 16:58:51 2019] Launched impl_1...
Run output will be captured here: C:/Users/jelon/OneDrive/Documents/Workspaces/School/ImageWatermark/MIPS/MIPS.runs/impl_1/runme.log
set_property PROBES.FILE {} [get_hw_devices xc7a100t_0]
set_property FULL_PROBES.FILE {} [get_hw_devices xc7a100t_0]
set_property PROGRAM.FILE {C:/Users/jelon/OneDrive/Documents/Workspaces/School/ImageWatermark/MIPS/MIPS.runs/impl_1/Graphics.bit} [get_hw_devices xc7a100t_0]
program_hw_devices [get_hw_devices xc7a100t_0]
INFO: [Labtools 27-3164] End of startup status: HIGH
refresh_hw_device [lindex [get_hw_devices xc7a100t_0] 0]
INFO: [Labtools 27-1434] Device xc7a100t (JTAG device index = 0) is programmed with a design that has no supported debug core(s) in it.
exit
INFO: [Common 17-206] Exiting Vivado at Sat Mar 30 17:10:33 2019...
