Copyright 1986-2018 Xilinx, Inc. All Rights Reserved.
-------------------------------------------------------------------------------------
| Tool Version : Vivado v.2018.3 (win64) Build 2405991 Thu Dec  6 23:38:27 MST 2018
| Date         : Mon Apr 22 21:34:27 2019
| Host         : void running 64-bit major release  (build 9200)
| Command      : report_control_sets -verbose -file Graphics_control_sets_placed.rpt
| Design       : Graphics
| Device       : xc7a100t
-------------------------------------------------------------------------------------

Control Set Information

Table of Contents
-----------------
1. Summary
2. Histogram
3. Flip-Flop Distribution
4. Detailed Control Set Information

1. Summary
----------

+----------------------------------------------------------+-------+
|                          Status                          | Count |
+----------------------------------------------------------+-------+
| Number of unique control sets                            |     9 |
| Unused register locations in slices containing registers |    56 |
+----------------------------------------------------------+-------+


2. Histogram
------------

+--------+--------------+
| Fanout | Control Sets |
+--------+--------------+
|      1 |            3 |
|      2 |            1 |
|      9 |            2 |
|     10 |            1 |
|     11 |            1 |
|     12 |            1 |
+--------+--------------+


3. Flip-Flop Distribution
-------------------------

+--------------+-----------------------+------------------------+-----------------+--------------+
| Clock Enable | Synchronous Set/Reset | Asynchronous Set/Reset | Total Registers | Total Slices |
+--------------+-----------------------+------------------------+-----------------+--------------+
| No           | No                    | No                     |               3 |            3 |
| No           | No                    | Yes                    |               0 |            0 |
| No           | Yes                   | No                     |               1 |            1 |
| Yes          | No                    | No                     |              21 |            8 |
| Yes          | No                    | Yes                    |               0 |            0 |
| Yes          | Yes                   | No                     |              31 |           11 |
+--------------+-----------------------+------------------------+-----------------+--------------+


4. Detailed Control Set Information
-----------------------------------

+--------------------+------------------------------------------------------+---------------------------------------------------------+------------------+----------------+
|    Clock Signal    |                     Enable Signal                    |                     Set/Reset Signal                    | Slice Load Count | Bel Load Count |
+--------------------+------------------------------------------------------+---------------------------------------------------------+------------------+----------------+
|  clk_IBUF_BUFG     |                                                      |                                                         |                1 |              1 |
|  DOWNCOUNTER2_BUFG |                                                      | GraphicsGUI/VGA/TimeCounterHorizontal/HS0               |                1 |              1 |
|  DOWNCOUNTER2_BUFG | GraphicsGUI/VGA/TimeCounterHorizontal/EndHorzTrigger | GraphicsGUI/VGA/TimeCounterVertical/TIME_COUNT_reg[9]_0 |                1 |              1 |
|  DOWNCOUNTER2_BUFG |                                                      |                                                         |                2 |              2 |
|  DOWNCOUNTER2_BUFG | GraphicsGUI/VGA/TimeCounterHorizontal/EndHorzTrigger | GraphicsGUI/VGA/TimeCounterVertical/SR[0]               |                2 |              9 |
|  DOWNCOUNTER2_BUFG | GraphicsGUI/DOWNCOUNTER1                             | GraphicsGUI/VGA/TimeCounterHorizontal/SR[0]             |                4 |              9 |
|  DOWNCOUNTER2_BUFG | GraphicsGUI/VGA/TimeCounterHorizontal/EndHorzTrigger |                                                         |                4 |             10 |
|  DOWNCOUNTER2_BUFG | GraphicsGUI/DOWNCOUNTER1                             |                                                         |                4 |             11 |
|  DOWNCOUNTER2_BUFG | GraphicsGUI/DOWNCOUNTER1                             | GraphicsGUI/VGA/COLOR_OUT[11]_i_1_n_0                   |                4 |             12 |
+--------------------+------------------------------------------------------+---------------------------------------------------------+------------------+----------------+


